2019-01-18 19:25:48 [main] INFO  c.m.m.c.BookingControllerTest - Starting BookingControllerTest on A2ML22737 with PID 18880 (started by M1023322 in C:\Users\m1023322\Desktop\MY_STAY_APP_M1023322-master-5110c98950fc04124ae6b389a3a2046ffa581321\MY_STAY_APP_M1023322-master-5110c98950fc04124ae6b389a3a2046ffa581321)
2019-01-18 19:25:48 [main] DEBUG c.m.m.c.BookingControllerTest - Running with Spring Boot v2.0.3.RELEASE, Spring v5.0.7.RELEASE
2019-01-18 19:25:48 [main] INFO  c.m.m.c.BookingControllerTest - No active profile set, falling back to default profiles: default
2019-01-18 19:25:53 [main] INFO  c.m.m.c.BookingControllerTest - Starting BookingControllerTest on A2ML22737 with PID 18880 (started by M1023322 in C:\Users\m1023322\Desktop\MY_STAY_APP_M1023322-master-5110c98950fc04124ae6b389a3a2046ffa581321\MY_STAY_APP_M1023322-master-5110c98950fc04124ae6b389a3a2046ffa581321)
2019-01-18 19:25:53 [main] DEBUG c.m.m.c.BookingControllerTest - Running with Spring Boot v2.0.3.RELEASE, Spring v5.0.7.RELEASE
2019-01-18 19:25:53 [main] INFO  c.m.m.c.BookingControllerTest - No active profile set, falling back to default profiles: default
2019-01-18 19:25:54 [main] INFO  c.m.m.c.BookingControllerTest - Starting BookingControllerTest on A2ML22737 with PID 18880 (started by M1023322 in C:\Users\m1023322\Desktop\MY_STAY_APP_M1023322-master-5110c98950fc04124ae6b389a3a2046ffa581321\MY_STAY_APP_M1023322-master-5110c98950fc04124ae6b389a3a2046ffa581321)
2019-01-18 19:25:54 [main] DEBUG c.m.m.c.BookingControllerTest - Running with Spring Boot v2.0.3.RELEASE, Spring v5.0.7.RELEASE
2019-01-18 19:25:54 [main] INFO  c.m.m.c.BookingControllerTest - No active profile set, falling back to default profiles: default
2019-01-18 19:25:55 [main] INFO  c.m.m.c.BookingControllerTest - Starting BookingControllerTest on A2ML22737 with PID 18880 (started by M1023322 in C:\Users\m1023322\Desktop\MY_STAY_APP_M1023322-master-5110c98950fc04124ae6b389a3a2046ffa581321\MY_STAY_APP_M1023322-master-5110c98950fc04124ae6b389a3a2046ffa581321)
2019-01-18 19:25:55 [main] DEBUG c.m.m.c.BookingControllerTest - Running with Spring Boot v2.0.3.RELEASE, Spring v5.0.7.RELEASE
2019-01-18 19:25:55 [main] INFO  c.m.m.c.BookingControllerTest - No active profile set, falling back to default profiles: default
2019-01-18 19:25:56 [main] INFO  c.m.m.c.BookingControllerTest - Starting BookingControllerTest on A2ML22737 with PID 18880 (started by M1023322 in C:\Users\m1023322\Desktop\MY_STAY_APP_M1023322-master-5110c98950fc04124ae6b389a3a2046ffa581321\MY_STAY_APP_M1023322-master-5110c98950fc04124ae6b389a3a2046ffa581321)
2019-01-18 19:25:56 [main] DEBUG c.m.m.c.BookingControllerTest - Running with Spring Boot v2.0.3.RELEASE, Spring v5.0.7.RELEASE
2019-01-18 19:25:56 [main] INFO  c.m.m.c.BookingControllerTest - No active profile set, falling back to default profiles: default
2019-01-18 19:25:57 [main] INFO  c.m.m.c.MockPaymentControllerTest - Starting MockPaymentControllerTest on A2ML22737 with PID 18880 (started by M1023322 in C:\Users\m1023322\Desktop\MY_STAY_APP_M1023322-master-5110c98950fc04124ae6b389a3a2046ffa581321\MY_STAY_APP_M1023322-master-5110c98950fc04124ae6b389a3a2046ffa581321)
2019-01-18 19:25:57 [main] DEBUG c.m.m.c.MockPaymentControllerTest - Running with Spring Boot v2.0.3.RELEASE, Spring v5.0.7.RELEASE
2019-01-18 19:25:57 [main] INFO  c.m.m.c.MockPaymentControllerTest - No active profile set, falling back to default profiles: default
2019-01-18 19:25:58 [main] INFO  c.m.m.c.MockPaymentControllerTest - Starting MockPaymentControllerTest on A2ML22737 with PID 18880 (started by M1023322 in C:\Users\m1023322\Desktop\MY_STAY_APP_M1023322-master-5110c98950fc04124ae6b389a3a2046ffa581321\MY_STAY_APP_M1023322-master-5110c98950fc04124ae6b389a3a2046ffa581321)
2019-01-18 19:25:58 [main] DEBUG c.m.m.c.MockPaymentControllerTest - Running with Spring Boot v2.0.3.RELEASE, Spring v5.0.7.RELEASE
2019-01-18 19:25:58 [main] INFO  c.m.m.c.MockPaymentControllerTest - No active profile set, falling back to default profiles: default
2019-01-18 19:25:59 [main] INFO  c.m.m.controller.RoomControllerTest - Starting RoomControllerTest on A2ML22737 with PID 18880 (started by M1023322 in C:\Users\m1023322\Desktop\MY_STAY_APP_M1023322-master-5110c98950fc04124ae6b389a3a2046ffa581321\MY_STAY_APP_M1023322-master-5110c98950fc04124ae6b389a3a2046ffa581321)
2019-01-18 19:25:59 [main] DEBUG c.m.m.controller.RoomControllerTest - Running with Spring Boot v2.0.3.RELEASE, Spring v5.0.7.RELEASE
2019-01-18 19:25:59 [main] INFO  c.m.m.controller.RoomControllerTest - No active profile set, falling back to default profiles: default
2019-01-18 19:25:59 [main] INFO  c.m.m.controller.RoomControllerTest - Starting RoomControllerTest on A2ML22737 with PID 18880 (started by M1023322 in C:\Users\m1023322\Desktop\MY_STAY_APP_M1023322-master-5110c98950fc04124ae6b389a3a2046ffa581321\MY_STAY_APP_M1023322-master-5110c98950fc04124ae6b389a3a2046ffa581321)
2019-01-18 19:25:59 [main] DEBUG c.m.m.controller.RoomControllerTest - Running with Spring Boot v2.0.3.RELEASE, Spring v5.0.7.RELEASE
2019-01-18 19:25:59 [main] INFO  c.m.m.controller.RoomControllerTest - No active profile set, falling back to default profiles: default
2019-01-18 19:26:00 [main] INFO  c.m.m.controller.RoomControllerTest - Starting RoomControllerTest on A2ML22737 with PID 18880 (started by M1023322 in C:\Users\m1023322\Desktop\MY_STAY_APP_M1023322-master-5110c98950fc04124ae6b389a3a2046ffa581321\MY_STAY_APP_M1023322-master-5110c98950fc04124ae6b389a3a2046ffa581321)
2019-01-18 19:26:00 [main] DEBUG c.m.m.controller.RoomControllerTest - Running with Spring Boot v2.0.3.RELEASE, Spring v5.0.7.RELEASE
2019-01-18 19:26:00 [main] INFO  c.m.m.controller.RoomControllerTest - No active profile set, falling back to default profiles: default
2019-01-18 19:26:01 [main] INFO  c.m.m.controller.RoomControllerTest - Starting RoomControllerTest on A2ML22737 with PID 18880 (started by M1023322 in C:\Users\m1023322\Desktop\MY_STAY_APP_M1023322-master-5110c98950fc04124ae6b389a3a2046ffa581321\MY_STAY_APP_M1023322-master-5110c98950fc04124ae6b389a3a2046ffa581321)
2019-01-18 19:26:01 [main] DEBUG c.m.m.controller.RoomControllerTest - Running with Spring Boot v2.0.3.RELEASE, Spring v5.0.7.RELEASE
2019-01-18 19:26:01 [main] INFO  c.m.m.controller.RoomControllerTest - No active profile set, falling back to default profiles: default
2019-01-18 19:26:02 [main] INFO  c.m.m.controller.RoomControllerTest - Starting RoomControllerTest on A2ML22737 with PID 18880 (started by M1023322 in C:\Users\m1023322\Desktop\MY_STAY_APP_M1023322-master-5110c98950fc04124ae6b389a3a2046ffa581321\MY_STAY_APP_M1023322-master-5110c98950fc04124ae6b389a3a2046ffa581321)
2019-01-18 19:26:02 [main] DEBUG c.m.m.controller.RoomControllerTest - Running with Spring Boot v2.0.3.RELEASE, Spring v5.0.7.RELEASE
2019-01-18 19:26:02 [main] INFO  c.m.m.controller.RoomControllerTest - No active profile set, falling back to default profiles: default
2019-01-18 19:26:02 [main] INFO  c.m.m.controller.RoomControllerTest - Starting RoomControllerTest on A2ML22737 with PID 18880 (started by M1023322 in C:\Users\m1023322\Desktop\MY_STAY_APP_M1023322-master-5110c98950fc04124ae6b389a3a2046ffa581321\MY_STAY_APP_M1023322-master-5110c98950fc04124ae6b389a3a2046ffa581321)
2019-01-18 19:26:02 [main] DEBUG c.m.m.controller.RoomControllerTest - Running with Spring Boot v2.0.3.RELEASE, Spring v5.0.7.RELEASE
2019-01-18 19:26:02 [main] INFO  c.m.m.controller.RoomControllerTest - No active profile set, falling back to default profiles: default
2019-01-18 19:26:03 [main] INFO  c.m.m.controller.RoomControllerTest - Starting RoomControllerTest on A2ML22737 with PID 18880 (started by M1023322 in C:\Users\m1023322\Desktop\MY_STAY_APP_M1023322-master-5110c98950fc04124ae6b389a3a2046ffa581321\MY_STAY_APP_M1023322-master-5110c98950fc04124ae6b389a3a2046ffa581321)
2019-01-18 19:26:03 [main] DEBUG c.m.m.controller.RoomControllerTest - Running with Spring Boot v2.0.3.RELEASE, Spring v5.0.7.RELEASE
2019-01-18 19:26:03 [main] INFO  c.m.m.controller.RoomControllerTest - No active profile set, falling back to default profiles: default
2019-01-18 19:26:04 [main] INFO  c.m.m.controller.RoomControllerTest - Starting RoomControllerTest on A2ML22737 with PID 18880 (started by M1023322 in C:\Users\m1023322\Desktop\MY_STAY_APP_M1023322-master-5110c98950fc04124ae6b389a3a2046ffa581321\MY_STAY_APP_M1023322-master-5110c98950fc04124ae6b389a3a2046ffa581321)
2019-01-18 19:26:04 [main] DEBUG c.m.m.controller.RoomControllerTest - Running with Spring Boot v2.0.3.RELEASE, Spring v5.0.7.RELEASE
2019-01-18 19:26:04 [main] INFO  c.m.m.controller.RoomControllerTest - No active profile set, falling back to default profiles: default
2019-01-18 19:26:05 [main] INFO  c.m.m.c.SearchControllerTest - Starting SearchControllerTest on A2ML22737 with PID 18880 (started by M1023322 in C:\Users\m1023322\Desktop\MY_STAY_APP_M1023322-master-5110c98950fc04124ae6b389a3a2046ffa581321\MY_STAY_APP_M1023322-master-5110c98950fc04124ae6b389a3a2046ffa581321)
2019-01-18 19:26:05 [main] DEBUG c.m.m.c.SearchControllerTest - Running with Spring Boot v2.0.3.RELEASE, Spring v5.0.7.RELEASE
2019-01-18 19:26:05 [main] INFO  c.m.m.c.SearchControllerTest - No active profile set, falling back to default profiles: default
2019-01-18 19:26:05 [main] INFO  c.m.m.c.SearchControllerTest - Starting SearchControllerTest on A2ML22737 with PID 18880 (started by M1023322 in C:\Users\m1023322\Desktop\MY_STAY_APP_M1023322-master-5110c98950fc04124ae6b389a3a2046ffa581321\MY_STAY_APP_M1023322-master-5110c98950fc04124ae6b389a3a2046ffa581321)
2019-01-18 19:26:05 [main] DEBUG c.m.m.c.SearchControllerTest - Running with Spring Boot v2.0.3.RELEASE, Spring v5.0.7.RELEASE
2019-01-18 19:26:05 [main] INFO  c.m.m.c.SearchControllerTest - No active profile set, falling back to default profiles: default
2019-01-18 19:26:06 [main] INFO  c.m.m.c.SearchControllerTest - Starting SearchControllerTest on A2ML22737 with PID 18880 (started by M1023322 in C:\Users\m1023322\Desktop\MY_STAY_APP_M1023322-master-5110c98950fc04124ae6b389a3a2046ffa581321\MY_STAY_APP_M1023322-master-5110c98950fc04124ae6b389a3a2046ffa581321)
2019-01-18 19:26:06 [main] DEBUG c.m.m.c.SearchControllerTest - Running with Spring Boot v2.0.3.RELEASE, Spring v5.0.7.RELEASE
2019-01-18 19:26:06 [main] INFO  c.m.m.c.SearchControllerTest - No active profile set, falling back to default profiles: default
2019-01-18 19:26:07 [main] INFO  c.m.m.controller.UserControllerTest - Starting UserControllerTest on A2ML22737 with PID 18880 (started by M1023322 in C:\Users\m1023322\Desktop\MY_STAY_APP_M1023322-master-5110c98950fc04124ae6b389a3a2046ffa581321\MY_STAY_APP_M1023322-master-5110c98950fc04124ae6b389a3a2046ffa581321)
2019-01-18 19:26:07 [main] DEBUG c.m.m.controller.UserControllerTest - Running with Spring Boot v2.0.3.RELEASE, Spring v5.0.7.RELEASE
2019-01-18 19:26:07 [main] INFO  c.m.m.controller.UserControllerTest - No active profile set, falling back to default profiles: default
2019-01-18 19:26:08 [main] INFO  c.m.m.controller.UserControllerTest - Starting UserControllerTest on A2ML22737 with PID 18880 (started by M1023322 in C:\Users\m1023322\Desktop\MY_STAY_APP_M1023322-master-5110c98950fc04124ae6b389a3a2046ffa581321\MY_STAY_APP_M1023322-master-5110c98950fc04124ae6b389a3a2046ffa581321)
2019-01-18 19:26:08 [main] DEBUG c.m.m.controller.UserControllerTest - Running with Spring Boot v2.0.3.RELEASE, Spring v5.0.7.RELEASE
2019-01-18 19:26:08 [main] INFO  c.m.m.controller.UserControllerTest - No active profile set, falling back to default profiles: default
2019-01-18 19:26:09 [main] INFO  c.m.m.controller.UserControllerTest - Starting UserControllerTest on A2ML22737 with PID 18880 (started by M1023322 in C:\Users\m1023322\Desktop\MY_STAY_APP_M1023322-master-5110c98950fc04124ae6b389a3a2046ffa581321\MY_STAY_APP_M1023322-master-5110c98950fc04124ae6b389a3a2046ffa581321)
2019-01-18 19:26:09 [main] DEBUG c.m.m.controller.UserControllerTest - Running with Spring Boot v2.0.3.RELEASE, Spring v5.0.7.RELEASE
2019-01-18 19:26:09 [main] INFO  c.m.m.controller.UserControllerTest - No active profile set, falling back to default profiles: default
2019-01-18 19:26:10 [main] INFO  c.m.m.controller.UserControllerTest - Starting UserControllerTest on A2ML22737 with PID 18880 (started by M1023322 in C:\Users\m1023322\Desktop\MY_STAY_APP_M1023322-master-5110c98950fc04124ae6b389a3a2046ffa581321\MY_STAY_APP_M1023322-master-5110c98950fc04124ae6b389a3a2046ffa581321)
2019-01-18 19:26:10 [main] DEBUG c.m.m.controller.UserControllerTest - Running with Spring Boot v2.0.3.RELEASE, Spring v5.0.7.RELEASE
2019-01-18 19:26:10 [main] INFO  c.m.m.controller.UserControllerTest - No active profile set, falling back to default profiles: default
2019-01-18 19:26:11 [main] INFO  c.m.m.dao.BookingRepositoryTest - Starting BookingRepositoryTest on A2ML22737 with PID 18880 (started by M1023322 in C:\Users\m1023322\Desktop\MY_STAY_APP_M1023322-master-5110c98950fc04124ae6b389a3a2046ffa581321\MY_STAY_APP_M1023322-master-5110c98950fc04124ae6b389a3a2046ffa581321)
2019-01-18 19:26:11 [main] DEBUG c.m.m.dao.BookingRepositoryTest - Running with Spring Boot v2.0.3.RELEASE, Spring v5.0.7.RELEASE
2019-01-18 19:26:11 [main] INFO  c.m.m.dao.BookingRepositoryTest - No active profile set, falling back to default profiles: default
2019-01-18 19:26:18 [main] INFO  c.m.m.dao.BookingRepositoryTest - Started BookingRepositoryTest in 7.765 seconds (JVM running for 35.181)
2019-01-18 19:26:20 [main] INFO  c.m.m.MyStayAppApplicationTests - Starting MyStayAppApplicationTests on A2ML22737 with PID 18880 (started by M1023322 in C:\Users\m1023322\Desktop\MY_STAY_APP_M1023322-master-5110c98950fc04124ae6b389a3a2046ffa581321\MY_STAY_APP_M1023322-master-5110c98950fc04124ae6b389a3a2046ffa581321)
2019-01-18 19:26:20 [main] DEBUG c.m.m.MyStayAppApplicationTests - Running with Spring Boot v2.0.3.RELEASE, Spring v5.0.7.RELEASE
2019-01-18 19:26:20 [main] INFO  c.m.m.MyStayAppApplicationTests - No active profile set, falling back to default profiles: default
2019-01-18 19:26:21 [main] INFO  c.m.m.service.BookingServiceTest - Starting BookingServiceTest on A2ML22737 with PID 18880 (started by M1023322 in C:\Users\m1023322\Desktop\MY_STAY_APP_M1023322-master-5110c98950fc04124ae6b389a3a2046ffa581321\MY_STAY_APP_M1023322-master-5110c98950fc04124ae6b389a3a2046ffa581321)
2019-01-18 19:26:21 [main] DEBUG c.m.m.service.BookingServiceTest - Running with Spring Boot v2.0.3.RELEASE, Spring v5.0.7.RELEASE
2019-01-18 19:26:21 [main] INFO  c.m.m.service.BookingServiceTest - No active profile set, falling back to default profiles: default
2019-01-18 19:26:22 [main] INFO  c.m.m.service.BookingServiceTest - Starting BookingServiceTest on A2ML22737 with PID 18880 (started by M1023322 in C:\Users\m1023322\Desktop\MY_STAY_APP_M1023322-master-5110c98950fc04124ae6b389a3a2046ffa581321\MY_STAY_APP_M1023322-master-5110c98950fc04124ae6b389a3a2046ffa581321)
2019-01-18 19:26:22 [main] DEBUG c.m.m.service.BookingServiceTest - Running with Spring Boot v2.0.3.RELEASE, Spring v5.0.7.RELEASE
2019-01-18 19:26:22 [main] INFO  c.m.m.service.BookingServiceTest - No active profile set, falling back to default profiles: default
2019-01-18 19:26:23 [main] INFO  c.m.m.service.BookingServiceTest - Starting BookingServiceTest on A2ML22737 with PID 18880 (started by M1023322 in C:\Users\m1023322\Desktop\MY_STAY_APP_M1023322-master-5110c98950fc04124ae6b389a3a2046ffa581321\MY_STAY_APP_M1023322-master-5110c98950fc04124ae6b389a3a2046ffa581321)
2019-01-18 19:26:23 [main] DEBUG c.m.m.service.BookingServiceTest - Running with Spring Boot v2.0.3.RELEASE, Spring v5.0.7.RELEASE
2019-01-18 19:26:23 [main] INFO  c.m.m.service.BookingServiceTest - No active profile set, falling back to default profiles: default
2019-01-18 19:26:24 [main] INFO  c.m.m.service.BookingServiceTest - Starting BookingServiceTest on A2ML22737 with PID 18880 (started by M1023322 in C:\Users\m1023322\Desktop\MY_STAY_APP_M1023322-master-5110c98950fc04124ae6b389a3a2046ffa581321\MY_STAY_APP_M1023322-master-5110c98950fc04124ae6b389a3a2046ffa581321)
2019-01-18 19:26:24 [main] DEBUG c.m.m.service.BookingServiceTest - Running with Spring Boot v2.0.3.RELEASE, Spring v5.0.7.RELEASE
2019-01-18 19:26:24 [main] INFO  c.m.m.service.BookingServiceTest - No active profile set, falling back to default profiles: default
2019-01-18 19:26:24 [main] INFO  c.m.m.service.BookingServiceTest - Starting BookingServiceTest on A2ML22737 with PID 18880 (started by M1023322 in C:\Users\m1023322\Desktop\MY_STAY_APP_M1023322-master-5110c98950fc04124ae6b389a3a2046ffa581321\MY_STAY_APP_M1023322-master-5110c98950fc04124ae6b389a3a2046ffa581321)
2019-01-18 19:26:24 [main] DEBUG c.m.m.service.BookingServiceTest - Running with Spring Boot v2.0.3.RELEASE, Spring v5.0.7.RELEASE
2019-01-18 19:26:24 [main] INFO  c.m.m.service.BookingServiceTest - No active profile set, falling back to default profiles: default
2019-01-18 19:26:25 [main] INFO  c.m.m.service.BookingServiceTest - Starting BookingServiceTest on A2ML22737 with PID 18880 (started by M1023322 in C:\Users\m1023322\Desktop\MY_STAY_APP_M1023322-master-5110c98950fc04124ae6b389a3a2046ffa581321\MY_STAY_APP_M1023322-master-5110c98950fc04124ae6b389a3a2046ffa581321)
2019-01-18 19:26:25 [main] DEBUG c.m.m.service.BookingServiceTest - Running with Spring Boot v2.0.3.RELEASE, Spring v5.0.7.RELEASE
2019-01-18 19:26:25 [main] INFO  c.m.m.service.BookingServiceTest - No active profile set, falling back to default profiles: default
2019-01-18 19:26:26 [main] ERROR c.m.m.s.i.PaymentGatewayServiceImpl - Payment not completed successfully.
2019-01-18 19:26:26 [main] INFO  c.m.m.service.RoomServiceTest - Starting RoomServiceTest on A2ML22737 with PID 18880 (started by M1023322 in C:\Users\m1023322\Desktop\MY_STAY_APP_M1023322-master-5110c98950fc04124ae6b389a3a2046ffa581321\MY_STAY_APP_M1023322-master-5110c98950fc04124ae6b389a3a2046ffa581321)
2019-01-18 19:26:26 [main] DEBUG c.m.m.service.RoomServiceTest - Running with Spring Boot v2.0.3.RELEASE, Spring v5.0.7.RELEASE
2019-01-18 19:26:26 [main] INFO  c.m.m.service.RoomServiceTest - No active profile set, falling back to default profiles: default
2019-01-18 19:26:28 [main] INFO  c.m.m.service.RoomServiceTest - Starting RoomServiceTest on A2ML22737 with PID 18880 (started by M1023322 in C:\Users\m1023322\Desktop\MY_STAY_APP_M1023322-master-5110c98950fc04124ae6b389a3a2046ffa581321\MY_STAY_APP_M1023322-master-5110c98950fc04124ae6b389a3a2046ffa581321)
2019-01-18 19:26:28 [main] DEBUG c.m.m.service.RoomServiceTest - Running with Spring Boot v2.0.3.RELEASE, Spring v5.0.7.RELEASE
2019-01-18 19:26:28 [main] INFO  c.m.m.service.RoomServiceTest - No active profile set, falling back to default profiles: default
2019-01-18 19:26:29 [main] INFO  c.m.m.service.RoomServiceTest - Starting RoomServiceTest on A2ML22737 with PID 18880 (started by M1023322 in C:\Users\m1023322\Desktop\MY_STAY_APP_M1023322-master-5110c98950fc04124ae6b389a3a2046ffa581321\MY_STAY_APP_M1023322-master-5110c98950fc04124ae6b389a3a2046ffa581321)
2019-01-18 19:26:29 [main] DEBUG c.m.m.service.RoomServiceTest - Running with Spring Boot v2.0.3.RELEASE, Spring v5.0.7.RELEASE
2019-01-18 19:26:29 [main] INFO  c.m.m.service.RoomServiceTest - No active profile set, falling back to default profiles: default
2019-01-18 19:26:30 [main] INFO  c.m.m.service.RoomServiceTest - Starting RoomServiceTest on A2ML22737 with PID 18880 (started by M1023322 in C:\Users\m1023322\Desktop\MY_STAY_APP_M1023322-master-5110c98950fc04124ae6b389a3a2046ffa581321\MY_STAY_APP_M1023322-master-5110c98950fc04124ae6b389a3a2046ffa581321)
2019-01-18 19:26:30 [main] DEBUG c.m.m.service.RoomServiceTest - Running with Spring Boot v2.0.3.RELEASE, Spring v5.0.7.RELEASE
2019-01-18 19:26:30 [main] INFO  c.m.m.service.RoomServiceTest - No active profile set, falling back to default profiles: default
2019-01-18 19:26:31 [main] INFO  c.m.m.s.SearchHotelServiceImplHelperTest - Starting SearchHotelServiceImplHelperTest on A2ML22737 with PID 18880 (started by M1023322 in C:\Users\m1023322\Desktop\MY_STAY_APP_M1023322-master-5110c98950fc04124ae6b389a3a2046ffa581321\MY_STAY_APP_M1023322-master-5110c98950fc04124ae6b389a3a2046ffa581321)
2019-01-18 19:26:31 [main] DEBUG c.m.m.s.SearchHotelServiceImplHelperTest - Running with Spring Boot v2.0.3.RELEASE, Spring v5.0.7.RELEASE
2019-01-18 19:26:31 [main] INFO  c.m.m.s.SearchHotelServiceImplHelperTest - No active profile set, falling back to default profiles: default
2019-01-18 19:26:32 [main] INFO  c.m.m.s.SearchHotelServiceImplHelperTest - Starting SearchHotelServiceImplHelperTest on A2ML22737 with PID 18880 (started by M1023322 in C:\Users\m1023322\Desktop\MY_STAY_APP_M1023322-master-5110c98950fc04124ae6b389a3a2046ffa581321\MY_STAY_APP_M1023322-master-5110c98950fc04124ae6b389a3a2046ffa581321)
2019-01-18 19:26:32 [main] DEBUG c.m.m.s.SearchHotelServiceImplHelperTest - Running with Spring Boot v2.0.3.RELEASE, Spring v5.0.7.RELEASE
2019-01-18 19:26:32 [main] INFO  c.m.m.s.SearchHotelServiceImplHelperTest - No active profile set, falling back to default profiles: default
2019-01-18 19:26:33 [main] INFO  c.m.m.s.SearchHotelServiceImplHelperTest - Starting SearchHotelServiceImplHelperTest on A2ML22737 with PID 18880 (started by M1023322 in C:\Users\m1023322\Desktop\MY_STAY_APP_M1023322-master-5110c98950fc04124ae6b389a3a2046ffa581321\MY_STAY_APP_M1023322-master-5110c98950fc04124ae6b389a3a2046ffa581321)
2019-01-18 19:26:33 [main] DEBUG c.m.m.s.SearchHotelServiceImplHelperTest - Running with Spring Boot v2.0.3.RELEASE, Spring v5.0.7.RELEASE
2019-01-18 19:26:33 [main] INFO  c.m.m.s.SearchHotelServiceImplHelperTest - No active profile set, falling back to default profiles: default
2019-01-18 19:26:34 [main] INFO  c.m.m.s.SearchHotelServiceImplHelperTest - Starting SearchHotelServiceImplHelperTest on A2ML22737 with PID 18880 (started by M1023322 in C:\Users\m1023322\Desktop\MY_STAY_APP_M1023322-master-5110c98950fc04124ae6b389a3a2046ffa581321\MY_STAY_APP_M1023322-master-5110c98950fc04124ae6b389a3a2046ffa581321)
2019-01-18 19:26:34 [main] DEBUG c.m.m.s.SearchHotelServiceImplHelperTest - Running with Spring Boot v2.0.3.RELEASE, Spring v5.0.7.RELEASE
2019-01-18 19:26:34 [main] INFO  c.m.m.s.SearchHotelServiceImplHelperTest - No active profile set, falling back to default profiles: default
2019-01-18 19:26:35 [main] INFO  c.m.m.s.SearchHotelServiceImplTest - Starting SearchHotelServiceImplTest on A2ML22737 with PID 18880 (started by M1023322 in C:\Users\m1023322\Desktop\MY_STAY_APP_M1023322-master-5110c98950fc04124ae6b389a3a2046ffa581321\MY_STAY_APP_M1023322-master-5110c98950fc04124ae6b389a3a2046ffa581321)
2019-01-18 19:26:35 [main] DEBUG c.m.m.s.SearchHotelServiceImplTest - Running with Spring Boot v2.0.3.RELEASE, Spring v5.0.7.RELEASE
2019-01-18 19:26:35 [main] INFO  c.m.m.s.SearchHotelServiceImplTest - No active profile set, falling back to default profiles: default
2019-01-18 19:26:36 [main] INFO  c.m.m.s.SearchHotelServiceImplTest - Starting SearchHotelServiceImplTest on A2ML22737 with PID 18880 (started by M1023322 in C:\Users\m1023322\Desktop\MY_STAY_APP_M1023322-master-5110c98950fc04124ae6b389a3a2046ffa581321\MY_STAY_APP_M1023322-master-5110c98950fc04124ae6b389a3a2046ffa581321)
2019-01-18 19:26:36 [main] DEBUG c.m.m.s.SearchHotelServiceImplTest - Running with Spring Boot v2.0.3.RELEASE, Spring v5.0.7.RELEASE
2019-01-18 19:26:36 [main] INFO  c.m.m.s.SearchHotelServiceImplTest - No active profile set, falling back to default profiles: default
2019-01-18 19:26:37 [main] INFO  c.m.m.service.UserServiceImplTest - Starting UserServiceImplTest on A2ML22737 with PID 18880 (started by M1023322 in C:\Users\m1023322\Desktop\MY_STAY_APP_M1023322-master-5110c98950fc04124ae6b389a3a2046ffa581321\MY_STAY_APP_M1023322-master-5110c98950fc04124ae6b389a3a2046ffa581321)
2019-01-18 19:26:37 [main] DEBUG c.m.m.service.UserServiceImplTest - Running with Spring Boot v2.0.3.RELEASE, Spring v5.0.7.RELEASE
2019-01-18 19:26:37 [main] INFO  c.m.m.service.UserServiceImplTest - No active profile set, falling back to default profiles: default
2019-01-18 19:26:38 [main] INFO  c.m.m.service.UserServiceImplTest - Starting UserServiceImplTest on A2ML22737 with PID 18880 (started by M1023322 in C:\Users\m1023322\Desktop\MY_STAY_APP_M1023322-master-5110c98950fc04124ae6b389a3a2046ffa581321\MY_STAY_APP_M1023322-master-5110c98950fc04124ae6b389a3a2046ffa581321)
2019-01-18 19:26:38 [main] DEBUG c.m.m.service.UserServiceImplTest - Running with Spring Boot v2.0.3.RELEASE, Spring v5.0.7.RELEASE
2019-01-18 19:26:38 [main] INFO  c.m.m.service.UserServiceImplTest - No active profile set, falling back to default profiles: default
2019-01-18 19:26:39 [main] INFO  c.m.m.service.UserServiceImplTest - Starting UserServiceImplTest on A2ML22737 with PID 18880 (started by M1023322 in C:\Users\m1023322\Desktop\MY_STAY_APP_M1023322-master-5110c98950fc04124ae6b389a3a2046ffa581321\MY_STAY_APP_M1023322-master-5110c98950fc04124ae6b389a3a2046ffa581321)
2019-01-18 19:26:39 [main] DEBUG c.m.m.service.UserServiceImplTest - Running with Spring Boot v2.0.3.RELEASE, Spring v5.0.7.RELEASE
2019-01-18 19:26:39 [main] INFO  c.m.m.service.UserServiceImplTest - No active profile set, falling back to default profiles: default
2019-01-18 19:28:08 [main] INFO  c.m.m.c.BookingControllerTest - Starting BookingControllerTest on A2ML22737 with PID 11328 (started by M1023322 in C:\Users\m1023322\Desktop\MY_STAY_APP_M1023322-master-5110c98950fc04124ae6b389a3a2046ffa581321\MY_STAY_APP_M1023322-master-5110c98950fc04124ae6b389a3a2046ffa581321)
2019-01-18 19:28:08 [main] DEBUG c.m.m.c.BookingControllerTest - Running with Spring Boot v2.0.3.RELEASE, Spring v5.0.7.RELEASE
2019-01-18 19:28:08 [main] INFO  c.m.m.c.BookingControllerTest - No active profile set, falling back to default profiles: default
2019-01-18 19:28:24 [main] INFO  c.m.m.c.BookingControllerTest - Started BookingControllerTest in 16.048 seconds (JVM running for 19.958)
2019-01-18 19:28:25 [main] DEBUG c.m.m.controller.BookingController - Dates are invalid. check-in date should be greater then current date and less then check-out date.
2019-01-18 19:28:25 [main] INFO  c.m.m.controller.BookingController - Room booked with booking Id 1 for the Customer :null
2019-01-18 19:28:25 [main] DEBUG c.m.m.controller.BookingController - Dates are invalid. check-in date should be greater then current date and less then check-out date.
2019-01-18 19:28:25 [main] ERROR c.m.m.controller.BookingController - Inputs are not valid.null
2019-01-18 19:28:25 [main] INFO  c.m.m.controller.RoomController - Room id to remove 1
2019-01-18 19:28:25 [main] ERROR c.m.m.controller.RoomController - Room cannot be deleted with id : 1
2019-01-18 19:28:25 [main] INFO  c.m.m.controller.RoomController - Retrieving room details for room id:1
2019-01-18 19:28:25 [main] INFO  c.m.m.controller.RoomController - Room found for room id:1
2019-01-18 19:28:25 [main] INFO  c.m.m.controller.RoomController - Room id to remove 1
2019-01-18 19:28:25 [main] INFO  c.m.m.controller.RoomController - Room deleted succeccfully with id : 1
2019-01-18 19:28:25 [main] INFO  c.m.m.controller.RoomController - updating room...
2019-01-18 19:28:25 [main] DEBUG c.m.m.controller.RoomController - Updating room failed...
2019-01-18 19:28:25 [main] INFO  c.m.m.controller.RoomController - updating room...
2019-01-18 19:28:25 [main] INFO  c.m.m.controller.RoomController - Room updated succeccfully with id : com.mindtree.mystayapp.model.Room@9e16f2[roomId=1,hotel=<null>,roomType=Luxury,roomPrice=<null>,totalRoomsCount=<null>]
2019-01-18 19:28:25 [main] INFO  c.m.m.controller.RoomController - Adding room...
2019-01-18 19:28:25 [main] INFO  c.m.m.controller.RoomController - Room addedd succeccfully with id : 1
2019-01-18 19:28:25 [main] INFO  c.m.m.controller.RoomController - Retrieving room details for room id:1
2019-01-18 19:28:25 [main] DEBUG c.m.m.controller.RoomController - Room with id 1 doesn't exists
2019-01-18 19:28:25 [main] INFO  c.m.m.controller.RoomController - Adding room...
2019-01-18 19:28:25 [main] DEBUG c.m.m.controller.RoomController - saving room failed...
2019-01-18 19:28:26 [main] INFO  c.m.m.c.SearchHotelController - Started searching the available hotels in the city: Bangalore
2019-01-18 19:28:26 [main] INFO  c.m.m.c.SearchHotelController - Searching completed succesfully...
2019-01-18 19:28:26 [main] INFO  c.m.m.c.SearchHotelController - Started searching the available hotels in the city: null
2019-01-18 19:28:26 [main] INFO  c.m.m.c.SearchHotelController - City name is require, please provide city name to search hotels.
2019-01-18 19:28:26 [main] INFO  c.m.m.c.SearchHotelController - Started searching the available hotels in the city: Bangalore
2019-01-18 19:28:26 [main] INFO  c.m.m.c.SearchHotelController - Searching completed succesfully. No Hotels found for the provided inputs.
2019-01-18 19:28:26 [main] ERROR c.m.m.c.SearchHotelController - Search for hotels failed. Please investigate - search request :SearchRequest [city=Bangalore, fromDate=null, toDate=null, roomType=null, price=null, distance=null, user=null]
2019-01-18 19:28:26 [main] ERROR c.m.m.controller.UserController - User details are not proper, registration is not completed. 
2019-01-18 19:28:26 [main] INFO  c.m.m.dao.BookingRepositoryTest - Starting BookingRepositoryTest on A2ML22737 with PID 11328 (started by M1023322 in C:\Users\m1023322\Desktop\MY_STAY_APP_M1023322-master-5110c98950fc04124ae6b389a3a2046ffa581321\MY_STAY_APP_M1023322-master-5110c98950fc04124ae6b389a3a2046ffa581321)
2019-01-18 19:28:26 [main] DEBUG c.m.m.dao.BookingRepositoryTest - Running with Spring Boot v2.0.3.RELEASE, Spring v5.0.7.RELEASE
2019-01-18 19:28:26 [main] INFO  c.m.m.dao.BookingRepositoryTest - No active profile set, falling back to default profiles: default
2019-01-18 19:28:27 [main] INFO  c.m.m.dao.BookingRepositoryTest - Started BookingRepositoryTest in 1.534 seconds (JVM running for 23.554)
2019-01-18 19:28:29 [main] INFO  c.m.m.MyStayAppApplicationTests - Test Class
2019-01-18 19:28:30 [main] INFO  c.m.m.s.impl.BookingServiceImpl - Payment started.......: 1547819910481
2019-01-18 19:28:31 [main] ERROR c.m.m.s.i.PaymentGatewayServiceImpl - Payment not completed successfully.
2019-01-18 19:28:31 [main] INFO  c.m.m.service.RoomServiceTest - Starting RoomServiceTest on A2ML22737 with PID 11328 (started by M1023322 in C:\Users\m1023322\Desktop\MY_STAY_APP_M1023322-master-5110c98950fc04124ae6b389a3a2046ffa581321\MY_STAY_APP_M1023322-master-5110c98950fc04124ae6b389a3a2046ffa581321)
2019-01-18 19:28:31 [main] DEBUG c.m.m.service.RoomServiceTest - Running with Spring Boot v2.0.3.RELEASE, Spring v5.0.7.RELEASE
2019-01-18 19:28:31 [main] INFO  c.m.m.service.RoomServiceTest - No active profile set, falling back to default profiles: default
2019-01-18 19:28:35 [main] INFO  c.m.m.service.RoomServiceTest - Started RoomServiceTest in 3.453 seconds (JVM running for 30.975)
2019-01-18 19:28:35 [main] INFO  c.m.m.s.SearchHotelServiceImplHelperTest - Starting SearchHotelServiceImplHelperTest on A2ML22737 with PID 11328 (started by M1023322 in C:\Users\m1023322\Desktop\MY_STAY_APP_M1023322-master-5110c98950fc04124ae6b389a3a2046ffa581321\MY_STAY_APP_M1023322-master-5110c98950fc04124ae6b389a3a2046ffa581321)
2019-01-18 19:28:35 [main] DEBUG c.m.m.s.SearchHotelServiceImplHelperTest - Running with Spring Boot v2.0.3.RELEASE, Spring v5.0.7.RELEASE
2019-01-18 19:28:35 [main] INFO  c.m.m.s.SearchHotelServiceImplHelperTest - No active profile set, falling back to default profiles: default
2019-01-18 19:28:38 [main] INFO  c.m.m.s.SearchHotelServiceImplHelperTest - Started SearchHotelServiceImplHelperTest in 3.491 seconds (JVM running for 34.557)
2019-01-18 19:28:38 [main] INFO  c.m.m.s.impl.SearchHotelServiceImpl - In Service layer started...
2019-01-18 19:28:38 [main] INFO  c.m.m.s.impl.SearchHotelServiceImpl - In Service layer started...
2019-01-18 19:28:38 [main] DEBUG c.m.m.s.impl.SearchHotelServiceImpl - Dates are invalid. check-in date should be greater then current date and less then check-out date.
2019-01-18 19:28:39 [main] INFO  c.m.m.service.UserServiceImplTest - Starting UserServiceImplTest on A2ML22737 with PID 11328 (started by M1023322 in C:\Users\m1023322\Desktop\MY_STAY_APP_M1023322-master-5110c98950fc04124ae6b389a3a2046ffa581321\MY_STAY_APP_M1023322-master-5110c98950fc04124ae6b389a3a2046ffa581321)
2019-01-18 19:28:39 [main] DEBUG c.m.m.service.UserServiceImplTest - Running with Spring Boot v2.0.3.RELEASE, Spring v5.0.7.RELEASE
2019-01-18 19:28:39 [main] INFO  c.m.m.service.UserServiceImplTest - No active profile set, falling back to default profiles: default
2019-01-18 19:28:42 [main] INFO  c.m.m.service.UserServiceImplTest - Started UserServiceImplTest in 3.163 seconds (JVM running for 37.846)
2019-01-18 19:34:51 [main] INFO  c.m.m.c.BookingControllerTest - Starting BookingControllerTest on A2ML22737 with PID 2316 (started by M1023322 in C:\Users\m1023322\Desktop\MY_STAY_APP_M1023322-master-5110c98950fc04124ae6b389a3a2046ffa581321\MY_STAY_APP_M1023322-master-5110c98950fc04124ae6b389a3a2046ffa581321)
2019-01-18 19:34:51 [main] DEBUG c.m.m.c.BookingControllerTest - Running with Spring Boot v2.0.3.RELEASE, Spring v5.0.7.RELEASE
2019-01-18 19:34:51 [main] INFO  c.m.m.c.BookingControllerTest - No active profile set, falling back to default profiles: default
2019-01-18 19:35:05 [main] INFO  c.m.m.c.BookingControllerTest - Started BookingControllerTest in 14.581 seconds (JVM running for 17.2)
2019-01-18 19:35:06 [main] DEBUG c.m.m.controller.BookingController - Dates are invalid. check-in date should be greater then current date and less then check-out date.
2019-01-18 19:35:06 [main] INFO  c.m.m.controller.BookingController - Room booked with booking Id 1 for the Customer :null
2019-01-18 19:35:06 [main] DEBUG c.m.m.controller.BookingController - Dates are invalid. check-in date should be greater then current date and less then check-out date.
2019-01-18 19:35:06 [main] ERROR c.m.m.controller.BookingController - Inputs are not valid.null
2019-01-18 19:35:07 [main] INFO  c.m.m.controller.RoomController - Room id to remove 1
2019-01-18 19:35:07 [main] ERROR c.m.m.controller.RoomController - Room cannot be deleted with id : 1
2019-01-18 19:35:07 [main] INFO  c.m.m.controller.RoomController - Retrieving room details for room id:1
2019-01-18 19:35:07 [main] INFO  c.m.m.controller.RoomController - Room found for room id:1
2019-01-18 19:35:07 [main] INFO  c.m.m.controller.RoomController - Room id to remove 1
2019-01-18 19:35:07 [main] INFO  c.m.m.controller.RoomController - Room deleted succeccfully with id : 1
2019-01-18 19:35:07 [main] INFO  c.m.m.controller.RoomController - updating room...
2019-01-18 19:35:07 [main] DEBUG c.m.m.controller.RoomController - Updating room failed...
2019-01-18 19:35:07 [main] INFO  c.m.m.controller.RoomController - updating room...
2019-01-18 19:35:07 [main] INFO  c.m.m.controller.RoomController - Room updated succeccfully with id : com.mindtree.mystayapp.model.Room@19b1398[roomId=1,hotel=<null>,roomType=Luxury,roomPrice=<null>,totalRoomsCount=<null>]
2019-01-18 19:35:07 [main] INFO  c.m.m.controller.RoomController - Adding room...
2019-01-18 19:35:07 [main] INFO  c.m.m.controller.RoomController - Room addedd succeccfully with id : 1
2019-01-18 19:35:07 [main] INFO  c.m.m.controller.RoomController - Retrieving room details for room id:1
2019-01-18 19:35:07 [main] DEBUG c.m.m.controller.RoomController - Room with id 1 doesn't exists
2019-01-18 19:35:07 [main] INFO  c.m.m.controller.RoomController - Adding room...
2019-01-18 19:35:07 [main] DEBUG c.m.m.controller.RoomController - saving room failed...
2019-01-18 19:35:07 [main] INFO  c.m.m.c.SearchHotelController - Started searching the available hotels in the city: Bangalore
2019-01-18 19:35:07 [main] INFO  c.m.m.c.SearchHotelController - Searching completed succesfully...
2019-01-18 19:35:07 [main] INFO  c.m.m.c.SearchHotelController - Started searching the available hotels in the city: null
2019-01-18 19:35:07 [main] INFO  c.m.m.c.SearchHotelController - City name is require, please provide city name to search hotels.
2019-01-18 19:35:07 [main] INFO  c.m.m.c.SearchHotelController - Started searching the available hotels in the city: Bangalore
2019-01-18 19:35:07 [main] INFO  c.m.m.c.SearchHotelController - Searching completed succesfully. No Hotels found for the provided inputs.
2019-01-18 19:35:07 [main] ERROR c.m.m.c.SearchHotelController - Search for hotels failed. Please investigate - search request :SearchRequest [city=Bangalore, fromDate=null, toDate=null, roomType=null, price=null, distance=null, user=null]
2019-01-18 19:35:07 [main] ERROR c.m.m.controller.UserController - User details are not proper, registration is not completed. 
2019-01-18 19:35:07 [main] INFO  c.m.m.dao.BookingRepositoryTest - Starting BookingRepositoryTest on A2ML22737 with PID 2316 (started by M1023322 in C:\Users\m1023322\Desktop\MY_STAY_APP_M1023322-master-5110c98950fc04124ae6b389a3a2046ffa581321\MY_STAY_APP_M1023322-master-5110c98950fc04124ae6b389a3a2046ffa581321)
2019-01-18 19:35:07 [main] DEBUG c.m.m.dao.BookingRepositoryTest - Running with Spring Boot v2.0.3.RELEASE, Spring v5.0.7.RELEASE
2019-01-18 19:35:07 [main] INFO  c.m.m.dao.BookingRepositoryTest - No active profile set, falling back to default profiles: default
2019-01-18 19:35:09 [main] INFO  c.m.m.dao.BookingRepositoryTest - Started BookingRepositoryTest in 1.549 seconds (JVM running for 20.491)
2019-01-18 19:35:10 [main] INFO  c.m.m.MyStayAppApplicationTests - Test Class
2019-01-18 19:35:11 [main] INFO  c.m.m.s.impl.BookingServiceImpl - Payment started.......: 1547820311237
2019-01-18 19:35:12 [main] ERROR c.m.m.s.i.PaymentGatewayServiceImpl - Payment not completed successfully.
2019-01-18 19:35:12 [main] INFO  c.m.m.service.RoomServiceTest - Starting RoomServiceTest on A2ML22737 with PID 2316 (started by M1023322 in C:\Users\m1023322\Desktop\MY_STAY_APP_M1023322-master-5110c98950fc04124ae6b389a3a2046ffa581321\MY_STAY_APP_M1023322-master-5110c98950fc04124ae6b389a3a2046ffa581321)
2019-01-18 19:35:12 [main] DEBUG c.m.m.service.RoomServiceTest - Running with Spring Boot v2.0.3.RELEASE, Spring v5.0.7.RELEASE
2019-01-18 19:35:12 [main] INFO  c.m.m.service.RoomServiceTest - No active profile set, falling back to default profiles: default
2019-01-18 19:35:16 [main] INFO  c.m.m.service.RoomServiceTest - Started RoomServiceTest in 3.719 seconds (JVM running for 27.691)
2019-01-18 19:35:16 [main] INFO  c.m.m.s.SearchHotelServiceImplHelperTest - Starting SearchHotelServiceImplHelperTest on A2ML22737 with PID 2316 (started by M1023322 in C:\Users\m1023322\Desktop\MY_STAY_APP_M1023322-master-5110c98950fc04124ae6b389a3a2046ffa581321\MY_STAY_APP_M1023322-master-5110c98950fc04124ae6b389a3a2046ffa581321)
2019-01-18 19:35:16 [main] DEBUG c.m.m.s.SearchHotelServiceImplHelperTest - Running with Spring Boot v2.0.3.RELEASE, Spring v5.0.7.RELEASE
2019-01-18 19:35:16 [main] INFO  c.m.m.s.SearchHotelServiceImplHelperTest - No active profile set, falling back to default profiles: default
2019-01-18 19:35:19 [main] INFO  c.m.m.s.SearchHotelServiceImplHelperTest - Started SearchHotelServiceImplHelperTest in 3.053 seconds (JVM running for 30.832)
2019-01-18 19:35:19 [main] INFO  c.m.m.s.impl.SearchHotelServiceImpl - In Service layer started...
2019-01-18 19:35:19 [main] INFO  c.m.m.s.impl.SearchHotelServiceImpl - In Service layer started...
2019-01-18 19:35:19 [main] DEBUG c.m.m.s.impl.SearchHotelServiceImpl - Dates are invalid. check-in date should be greater then current date and less then check-out date.
2019-01-18 19:35:19 [main] INFO  c.m.m.service.UserServiceImplTest - Starting UserServiceImplTest on A2ML22737 with PID 2316 (started by M1023322 in C:\Users\m1023322\Desktop\MY_STAY_APP_M1023322-master-5110c98950fc04124ae6b389a3a2046ffa581321\MY_STAY_APP_M1023322-master-5110c98950fc04124ae6b389a3a2046ffa581321)
2019-01-18 19:35:19 [main] DEBUG c.m.m.service.UserServiceImplTest - Running with Spring Boot v2.0.3.RELEASE, Spring v5.0.7.RELEASE
2019-01-18 19:35:19 [main] INFO  c.m.m.service.UserServiceImplTest - No active profile set, falling back to default profiles: default
2019-01-18 19:35:22 [main] INFO  c.m.m.service.UserServiceImplTest - Started UserServiceImplTest in 3.062 seconds (JVM running for 34.006)
2019-01-18 19:36:16 [main] INFO  c.m.m.c.BookingControllerTest - Starting BookingControllerTest on A2ML22737 with PID 18192 (started by M1023322 in C:\Users\m1023322\Desktop\MY_STAY_APP_M1023322-master-5110c98950fc04124ae6b389a3a2046ffa581321\MY_STAY_APP_M1023322-master-5110c98950fc04124ae6b389a3a2046ffa581321)
2019-01-18 19:36:16 [main] DEBUG c.m.m.c.BookingControllerTest - Running with Spring Boot v2.0.3.RELEASE, Spring v5.0.7.RELEASE
2019-01-18 19:36:16 [main] INFO  c.m.m.c.BookingControllerTest - No active profile set, falling back to default profiles: default
2019-01-18 19:36:29 [main] INFO  c.m.m.c.BookingControllerTest - Started BookingControllerTest in 13.304 seconds (JVM running for 16.126)
2019-01-18 19:36:30 [main] DEBUG c.m.m.controller.BookingController - Dates are invalid. check-in date should be greater then current date and less then check-out date.
2019-01-18 19:36:30 [main] INFO  c.m.m.controller.BookingController - Room booked with booking Id 1 for the Customer :null
2019-01-18 19:36:30 [main] DEBUG c.m.m.controller.BookingController - Dates are invalid. check-in date should be greater then current date and less then check-out date.
2019-01-18 19:36:30 [main] ERROR c.m.m.controller.BookingController - Inputs are not valid.null
2019-01-18 19:36:30 [main] INFO  c.m.m.controller.RoomController - Room id to remove 1
2019-01-18 19:36:30 [main] ERROR c.m.m.controller.RoomController - Room cannot be deleted with id : 1
2019-01-18 19:36:30 [main] INFO  c.m.m.controller.RoomController - Retrieving room details for room id:1
2019-01-18 19:36:30 [main] INFO  c.m.m.controller.RoomController - Room found for room id:1
2019-01-18 19:36:31 [main] INFO  c.m.m.controller.RoomController - Room id to remove 1
2019-01-18 19:36:31 [main] INFO  c.m.m.controller.RoomController - Room deleted succeccfully with id : 1
2019-01-18 19:36:31 [main] INFO  c.m.m.controller.RoomController - updating room...
2019-01-18 19:36:31 [main] DEBUG c.m.m.controller.RoomController - Updating room failed...
2019-01-18 19:36:31 [main] INFO  c.m.m.controller.RoomController - updating room...
2019-01-18 19:36:31 [main] INFO  c.m.m.controller.RoomController - Room updated succeccfully with id : com.mindtree.mystayapp.model.Room@16efae5[roomId=1,hotel=<null>,roomType=Luxury,roomPrice=<null>,totalRoomsCount=<null>]
2019-01-18 19:36:31 [main] INFO  c.m.m.controller.RoomController - Adding room...
2019-01-18 19:36:31 [main] INFO  c.m.m.controller.RoomController - Room addedd succeccfully with id : 1
2019-01-18 19:36:31 [main] INFO  c.m.m.controller.RoomController - Retrieving room details for room id:1
2019-01-18 19:36:31 [main] DEBUG c.m.m.controller.RoomController - Room with id 1 doesn't exists
2019-01-18 19:36:31 [main] INFO  c.m.m.controller.RoomController - Adding room...
2019-01-18 19:36:31 [main] DEBUG c.m.m.controller.RoomController - saving room failed...
2019-01-18 19:36:31 [main] INFO  c.m.m.c.SearchHotelController - Started searching the available hotels in the city: Bangalore
2019-01-18 19:36:31 [main] INFO  c.m.m.c.SearchHotelController - Searching completed succesfully...
2019-01-18 19:36:31 [main] INFO  c.m.m.c.SearchHotelController - Started searching the available hotels in the city: null
2019-01-18 19:36:31 [main] INFO  c.m.m.c.SearchHotelController - City name is require, please provide city name to search hotels.
2019-01-18 19:36:31 [main] INFO  c.m.m.c.SearchHotelController - Started searching the available hotels in the city: Bangalore
2019-01-18 19:36:31 [main] INFO  c.m.m.c.SearchHotelController - Searching completed succesfully. No Hotels found for the provided inputs.
2019-01-18 19:36:31 [main] ERROR c.m.m.c.SearchHotelController - Search for hotels failed. Please investigate - search request :SearchRequest [city=Bangalore, fromDate=null, toDate=null, roomType=null, price=null, distance=null, user=null]
2019-01-18 19:36:31 [main] ERROR c.m.m.controller.UserController - User details are not proper, registration is not completed. 
2019-01-18 19:36:31 [main] INFO  c.m.m.dao.BookingRepositoryTest - Starting BookingRepositoryTest on A2ML22737 with PID 18192 (started by M1023322 in C:\Users\m1023322\Desktop\MY_STAY_APP_M1023322-master-5110c98950fc04124ae6b389a3a2046ffa581321\MY_STAY_APP_M1023322-master-5110c98950fc04124ae6b389a3a2046ffa581321)
2019-01-18 19:36:31 [main] DEBUG c.m.m.dao.BookingRepositoryTest - Running with Spring Boot v2.0.3.RELEASE, Spring v5.0.7.RELEASE
2019-01-18 19:36:31 [main] INFO  c.m.m.dao.BookingRepositoryTest - No active profile set, falling back to default profiles: default
2019-01-18 19:36:32 [main] INFO  c.m.m.dao.BookingRepositoryTest - Started BookingRepositoryTest in 1.309 seconds (JVM running for 19.311)
2019-01-18 19:36:33 [main] INFO  c.m.m.MyStayAppApplicationTests - Test Class
2019-01-18 19:36:35 [main] ERROR c.m.m.s.i.PaymentGatewayServiceImpl - Payment not completed successfully.
2019-01-18 19:36:35 [main] INFO  c.m.m.service.RoomServiceTest - Starting RoomServiceTest on A2ML22737 with PID 18192 (started by M1023322 in C:\Users\m1023322\Desktop\MY_STAY_APP_M1023322-master-5110c98950fc04124ae6b389a3a2046ffa581321\MY_STAY_APP_M1023322-master-5110c98950fc04124ae6b389a3a2046ffa581321)
2019-01-18 19:36:35 [main] DEBUG c.m.m.service.RoomServiceTest - Running with Spring Boot v2.0.3.RELEASE, Spring v5.0.7.RELEASE
2019-01-18 19:36:35 [main] INFO  c.m.m.service.RoomServiceTest - No active profile set, falling back to default profiles: default
2019-01-18 19:36:38 [main] INFO  c.m.m.service.RoomServiceTest - Started RoomServiceTest in 3.757 seconds (JVM running for 25.411)
2019-01-18 19:36:38 [main] INFO  c.m.m.s.SearchHotelServiceImplHelperTest - Starting SearchHotelServiceImplHelperTest on A2ML22737 with PID 18192 (started by M1023322 in C:\Users\m1023322\Desktop\MY_STAY_APP_M1023322-master-5110c98950fc04124ae6b389a3a2046ffa581321\MY_STAY_APP_M1023322-master-5110c98950fc04124ae6b389a3a2046ffa581321)
2019-01-18 19:36:38 [main] DEBUG c.m.m.s.SearchHotelServiceImplHelperTest - Running with Spring Boot v2.0.3.RELEASE, Spring v5.0.7.RELEASE
2019-01-18 19:36:38 [main] INFO  c.m.m.s.SearchHotelServiceImplHelperTest - No active profile set, falling back to default profiles: default
2019-01-18 19:36:42 [main] INFO  c.m.m.s.SearchHotelServiceImplHelperTest - Started SearchHotelServiceImplHelperTest in 3.252 seconds (JVM running for 28.712)
2019-01-18 19:36:42 [main] INFO  c.m.m.s.impl.SearchHotelServiceImpl - In Service layer started...
2019-01-18 19:36:42 [main] INFO  c.m.m.s.impl.SearchHotelServiceImpl - In Service layer started...
2019-01-18 19:36:42 [main] DEBUG c.m.m.s.impl.SearchHotelServiceImpl - Dates are invalid. check-in date should be greater then current date and less then check-out date.
2019-01-18 19:36:42 [main] INFO  c.m.m.service.UserServiceImplTest - Starting UserServiceImplTest on A2ML22737 with PID 18192 (started by M1023322 in C:\Users\m1023322\Desktop\MY_STAY_APP_M1023322-master-5110c98950fc04124ae6b389a3a2046ffa581321\MY_STAY_APP_M1023322-master-5110c98950fc04124ae6b389a3a2046ffa581321)
2019-01-18 19:36:42 [main] DEBUG c.m.m.service.UserServiceImplTest - Running with Spring Boot v2.0.3.RELEASE, Spring v5.0.7.RELEASE
2019-01-18 19:36:42 [main] INFO  c.m.m.service.UserServiceImplTest - No active profile set, falling back to default profiles: default
2019-01-18 19:36:45 [main] INFO  c.m.m.service.UserServiceImplTest - Started UserServiceImplTest in 3.181 seconds (JVM running for 31.976)
