2018-08-08 12:42:09 [main] INFO  c.m.mystayapp.MyStayAppApplication - Starting MyStayAppApplication on A2C2ML09762 with PID 9072 (D:\MYSTAYWorkPlace\MyStayApp\target\classes started by Administrator in D:\MYSTAYWorkPlace\MyStayApp)
2018-08-08 12:42:09 [main] DEBUG c.m.mystayapp.MyStayAppApplication - Running with Spring Boot v2.0.3.RELEASE, Spring v5.0.7.RELEASE
2018-08-08 12:42:09 [main] INFO  c.m.mystayapp.MyStayAppApplication - No active profile set, falling back to default profiles: default
2018-08-08 12:42:43 [main] INFO  c.m.mystayapp.MyStayAppApplication - Started MyStayAppApplication in 36.388 seconds (JVM running for 43.102)
2018-08-08 13:08:23 [main] INFO  c.m.m.service.BookingServiceTest - Starting BookingServiceTest on A2C2ML09762 with PID 4120 (started by Administrator in D:\MYSTAYWorkPlace\MyStayApp)
2018-08-08 13:08:24 [main] DEBUG c.m.m.service.BookingServiceTest - Running with Spring Boot v2.0.3.RELEASE, Spring v5.0.7.RELEASE
2018-08-08 13:08:24 [main] INFO  c.m.m.service.BookingServiceTest - No active profile set, falling back to default profiles: default
2018-08-08 13:09:06 [main] INFO  c.m.m.service.BookingServiceTest - Started BookingServiceTest in 44.229 seconds (JVM running for 55.329)
2018-08-08 13:10:38 [main] INFO  c.m.m.service.BookingServiceTest - Starting BookingServiceTest on A2C2ML09762 with PID 8772 (started by Administrator in D:\MYSTAYWorkPlace\MyStayApp)
2018-08-08 13:10:38 [main] DEBUG c.m.m.service.BookingServiceTest - Running with Spring Boot v2.0.3.RELEASE, Spring v5.0.7.RELEASE
2018-08-08 13:10:38 [main] INFO  c.m.m.service.BookingServiceTest - No active profile set, falling back to default profiles: default
2018-08-08 13:11:13 [main] INFO  c.m.m.service.BookingServiceTest - Started BookingServiceTest in 36.237 seconds (JVM running for 43.451)
2018-08-08 13:23:24 [main] INFO  c.m.mystayapp.MyStayAppApplication - Starting MyStayAppApplication on A2C2ML09762 with PID 4476 (D:\MYSTAYWorkPlace\MyStayApp\target\classes started by Administrator in D:\MYSTAYWorkPlace\MyStayApp)
2018-08-08 13:23:24 [main] DEBUG c.m.mystayapp.MyStayAppApplication - Running with Spring Boot v2.0.3.RELEASE, Spring v5.0.7.RELEASE
2018-08-08 13:23:24 [main] INFO  c.m.mystayapp.MyStayAppApplication - No active profile set, falling back to default profiles: default
2018-08-08 13:23:46 [main] INFO  c.m.m.service.BookingServiceTest - Starting BookingServiceTest on A2C2ML09762 with PID 11984 (started by Administrator in D:\MYSTAYWorkPlace\MyStayApp)
2018-08-08 13:23:46 [main] DEBUG c.m.m.service.BookingServiceTest - Running with Spring Boot v2.0.3.RELEASE, Spring v5.0.7.RELEASE
2018-08-08 13:23:46 [main] INFO  c.m.m.service.BookingServiceTest - No active profile set, falling back to default profiles: default
2018-08-08 13:24:39 [main] INFO  c.m.mystayapp.MyStayAppApplication - Started MyStayAppApplication in 77.807 seconds (JVM running for 82.051)
2018-08-08 13:24:58 [main] INFO  c.m.m.service.BookingServiceTest - Started BookingServiceTest in 75.867 seconds (JVM running for 88.59)
2018-08-08 13:26:58 [main] INFO  c.m.m.service.BookingServiceTest - Starting BookingServiceTest on A2C2ML09762 with PID 8932 (started by Administrator in D:\MYSTAYWorkPlace\MyStayApp)
2018-08-08 13:26:58 [main] DEBUG c.m.m.service.BookingServiceTest - Running with Spring Boot v2.0.3.RELEASE, Spring v5.0.7.RELEASE
2018-08-08 13:26:58 [main] INFO  c.m.m.service.BookingServiceTest - No active profile set, falling back to default profiles: default
2018-08-08 13:27:26 [main] INFO  c.m.m.service.BookingServiceTest - Started BookingServiceTest in 29.452 seconds (JVM running for 35.571)
2018-08-08 13:35:44 [main] INFO  c.m.m.service.BookingServiceTest - Starting BookingServiceTest on A2C2ML09762 with PID 11760 (started by Administrator in D:\MYSTAYWorkPlace\MyStayApp)
2018-08-08 13:35:44 [main] DEBUG c.m.m.service.BookingServiceTest - Running with Spring Boot v2.0.3.RELEASE, Spring v5.0.7.RELEASE
2018-08-08 13:35:44 [main] INFO  c.m.m.service.BookingServiceTest - No active profile set, falling back to default profiles: default
2018-08-08 13:36:11 [main] INFO  c.m.m.service.BookingServiceTest - Started BookingServiceTest in 27.659 seconds (JVM running for 34.299)
2018-08-08 13:36:15 [main] INFO  c.m.m.s.impl.BookingServiceImpl - Payment started.......: 1533715575471
2018-08-08 13:36:15 [main] INFO  c.m.m.s.impl.BookingServiceImpl - Payment Started....:PaymentDTO [transactionId=null, userId=Raj, totalAmount=1000.0, vendor=My Stay Company, cardBalance=50000.0]
2018-08-08 13:36:16 [main] INFO  c.m.m.s.impl.BookingServiceImpl - Payment Completed Successfully. PaymentDTO [transactionId=1, userId=Raj, totalAmount=1000.0, vendor=null, cardBalance=49000.0]
2018-08-08 13:36:16 [main] INFO  c.m.m.s.impl.BookingServiceImpl - Payment completed: 1533715576186
2018-08-08 13:36:16 [main] INFO  c.m.m.s.impl.BookingServiceImpl - Payment took time to completed 0mili Seconds
2018-08-08 13:43:44 [main] INFO  c.m.m.service.BookingServiceTest - Starting BookingServiceTest on A2C2ML09762 with PID 10072 (started by Administrator in D:\MYSTAYWorkPlace\MyStayApp)
2018-08-08 13:43:44 [main] DEBUG c.m.m.service.BookingServiceTest - Running with Spring Boot v2.0.3.RELEASE, Spring v5.0.7.RELEASE
2018-08-08 13:43:44 [main] INFO  c.m.m.service.BookingServiceTest - No active profile set, falling back to default profiles: default
2018-08-08 13:44:14 [main] INFO  c.m.m.service.BookingServiceTest - Started BookingServiceTest in 31.755 seconds (JVM running for 38.143)
2018-08-08 13:44:19 [main] INFO  c.m.m.s.impl.BookingServiceImpl - Payment started.......: 1533716059479
2018-08-08 13:44:19 [main] INFO  c.m.m.s.impl.BookingServiceImpl - Payment Started....:PaymentDTO [transactionId=null, userId=Raj, totalAmount=1000.0, vendor=My Stay Company, cardBalance=50000.0]
2018-08-08 13:44:21 [main] INFO  c.m.m.s.impl.BookingServiceImpl - Payment Completed Successfully. PaymentDTO [transactionId=1, userId=Raj, totalAmount=1000.0, vendor=null, cardBalance=49000.0]
2018-08-08 13:44:21 [main] INFO  c.m.m.s.impl.BookingServiceImpl - Payment completed: 1533716061362
2018-08-08 13:44:21 [main] INFO  c.m.m.s.impl.BookingServiceImpl - Payment took time to completed 0mili Seconds
2018-08-08 14:20:48 [main] INFO  c.m.mystayapp.MyStayAppApplication - Starting MyStayAppApplication on A2C2ML09762 with PID 8332 (D:\MYSTAYWorkPlace\MyStayApp\target\classes started by Administrator in D:\MYSTAYWorkPlace\MyStayApp)
2018-08-08 14:20:48 [main] DEBUG c.m.mystayapp.MyStayAppApplication - Running with Spring Boot v2.0.3.RELEASE, Spring v5.0.7.RELEASE
2018-08-08 14:20:48 [main] INFO  c.m.mystayapp.MyStayAppApplication - No active profile set, falling back to default profiles: default
2018-08-08 14:21:28 [main] INFO  c.m.mystayapp.MyStayAppApplication - Started MyStayAppApplication in 42.07 seconds (JVM running for 46.919)
2018-08-08 14:29:50 [main] INFO  c.m.mystayapp.MyStayAppApplication - Starting MyStayAppApplication on A2C2ML09762 with PID 8932 (D:\MYSTAYWorkPlace\MyStayApp\target\classes started by Administrator in D:\MYSTAYWorkPlace\MyStayApp)
2018-08-08 14:29:50 [main] DEBUG c.m.mystayapp.MyStayAppApplication - Running with Spring Boot v2.0.3.RELEASE, Spring v5.0.7.RELEASE
2018-08-08 14:29:50 [main] INFO  c.m.mystayapp.MyStayAppApplication - No active profile set, falling back to default profiles: default
2018-08-08 14:30:27 [main] INFO  c.m.mystayapp.MyStayAppApplication - Started MyStayAppApplication in 38.303 seconds (JVM running for 42.826)
2018-08-08 14:44:41 [main] INFO  c.m.mystayapp.MyStayAppApplication - Starting MyStayAppApplication on A2C2ML09762 with PID 12696 (D:\MYSTAYWorkPlace\MyStayApp\target\classes started by Administrator in D:\MYSTAYWorkPlace\MyStayApp)
2018-08-08 14:44:41 [main] DEBUG c.m.mystayapp.MyStayAppApplication - Running with Spring Boot v2.0.3.RELEASE, Spring v5.0.7.RELEASE
2018-08-08 14:44:41 [main] INFO  c.m.mystayapp.MyStayAppApplication - No active profile set, falling back to default profiles: default
2018-08-08 14:45:21 [main] INFO  c.m.mystayapp.MyStayAppApplication - Started MyStayAppApplication in 41.422 seconds (JVM running for 45.385)
2018-08-08 14:51:25 [main] INFO  c.m.mystayapp.MyStayAppApplication - Starting MyStayAppApplication on A2C2ML09762 with PID 10912 (D:\MYSTAYWorkPlace\MyStayApp\target\classes started by Administrator in D:\MYSTAYWorkPlace\MyStayApp)
2018-08-08 14:51:25 [main] DEBUG c.m.mystayapp.MyStayAppApplication - Running with Spring Boot v2.0.3.RELEASE, Spring v5.0.7.RELEASE
2018-08-08 14:51:25 [main] INFO  c.m.mystayapp.MyStayAppApplication - No active profile set, falling back to default profiles: default
2018-08-08 14:52:07 [main] INFO  c.m.mystayapp.MyStayAppApplication - Started MyStayAppApplication in 43.579 seconds (JVM running for 47.354)
2018-08-08 14:54:24 [http-nio-8080-exec-10] INFO  c.m.m.s.impl.BookingServiceImpl - Payment started.......: 1533720264327
2018-08-08 14:54:28 [http-nio-8080-exec-10] INFO  c.m.m.s.impl.BookingServiceImpl - Payment Started....:PaymentDTO [transactionId=null, userId=RajShaw, totalAmount=600.0, vendor=My Stay Company, cardBalance=50000.0]
2018-08-08 14:54:30 [http-nio-8080-exec-10] INFO  c.m.m.s.impl.BookingServiceImpl - Payment Completed Successfully. PaymentDTO [transactionId=0, userId=RajShaw, totalAmount=600.0, vendor=null, cardBalance=49400.0]
2018-08-08 14:54:44 [http-nio-8080-exec-10] INFO  c.m.m.s.impl.BookingServiceImpl - Payment completed: 1533720284302
2018-08-08 14:54:45 [http-nio-8080-exec-10] INFO  c.m.m.s.impl.BookingServiceImpl - Payment took time to completed 0mili Seconds
2018-08-08 14:55:26 [http-nio-8080-exec-10] INFO  c.m.m.controller.BookingController - Room booked with booking Id 23 for the Customer :RajShaw
2018-08-08 14:55:44 [http-nio-8080-exec-9] INFO  c.m.m.s.impl.BookingServiceImpl - Payment started.......: 1533720344747
2018-08-08 14:55:44 [http-nio-8080-exec-9] INFO  c.m.m.s.impl.BookingServiceImpl - Payment Started....:PaymentDTO [transactionId=null, userId=deepak, totalAmount=800.0, vendor=My Stay Company, cardBalance=50000.0]
2018-08-08 14:55:45 [http-nio-8080-exec-9] INFO  c.m.m.s.impl.BookingServiceImpl - Payment Completed Successfully. PaymentDTO [transactionId=0, userId=deepak, totalAmount=800.0, vendor=null, cardBalance=49200.0]
2018-08-08 14:55:45 [http-nio-8080-exec-9] INFO  c.m.m.s.impl.BookingServiceImpl - Payment completed: 1533720345835
2018-08-08 14:55:45 [http-nio-8080-exec-9] INFO  c.m.m.s.impl.BookingServiceImpl - Payment took time to completed 0mili Seconds
2018-08-08 14:55:45 [http-nio-8080-exec-9] INFO  c.m.m.controller.BookingController - Room booked with booking Id 24 for the Customer :deepak
2018-08-08 22:19:44 [main] INFO  c.m.m.c.BookingControllerTest - Starting BookingControllerTest on A2C2ML09762 with PID 4068 (started by Administrator in D:\MYSTAYWorkPlace\MyStayApp)
2018-08-08 22:19:44 [main] DEBUG c.m.m.c.BookingControllerTest - Running with Spring Boot v2.0.3.RELEASE, Spring v5.0.7.RELEASE
2018-08-08 22:19:44 [main] INFO  c.m.m.c.BookingControllerTest - No active profile set, falling back to default profiles: default
2018-08-08 22:20:00 [main] INFO  c.m.m.c.BookingControllerTest - Started BookingControllerTest in 16.487 seconds (JVM running for 21.171)
2018-08-08 22:20:01 [main] DEBUG c.m.m.controller.BookingController - Dates are invalid. check-in date should be greater then current date and less then check-out date.
2018-08-08 22:20:01 [main] INFO  c.m.m.controller.BookingController - Room booked with booking Id 1 for the Customer :null
2018-08-08 22:20:01 [main] DEBUG c.m.m.controller.BookingController - Dates are invalid. check-in date should be greater then current date and less then check-out date.
2018-08-08 22:20:01 [main] ERROR c.m.m.controller.BookingController - Inputs are not valid.null
2018-08-08 22:20:01 [main] ERROR c.m.m.c.MockPaymentController - Payment not completed successfully.
2018-08-08 22:20:01 [main] INFO  c.m.m.controller.RoomController - Room id to remove 1
2018-08-08 22:20:01 [main] ERROR c.m.m.controller.RoomController - Room cannot be deleted with id : 1
2018-08-08 22:20:01 [main] INFO  c.m.m.controller.RoomController - Retrieving room details for room id:1
2018-08-08 22:20:01 [main] INFO  c.m.m.controller.RoomController - Room found for room id:1
2018-08-08 22:20:01 [main] INFO  c.m.m.controller.RoomController - Room id to remove 1
2018-08-08 22:20:01 [main] INFO  c.m.m.controller.RoomController - Room deleted succeccfully with id : 1
2018-08-08 22:20:01 [main] INFO  c.m.m.controller.RoomController - updating room...
2018-08-08 22:20:01 [main] DEBUG c.m.m.controller.RoomController - Updating room failed...
2018-08-08 22:20:01 [main] INFO  c.m.m.controller.RoomController - updating room...
2018-08-08 22:20:01 [main] INFO  c.m.m.controller.RoomController - Room updated succeccfully with id : com.mindtree.mystayapp.model.Room@24708741[roomId=1,hotel=<null>,roomType=Luxury,roomPrice=<null>,totalRoomsCount=<null>]
2018-08-08 22:20:01 [main] INFO  c.m.m.controller.RoomController - Adding room...
2018-08-08 22:20:01 [main] INFO  c.m.m.controller.RoomController - Room addedd succeccfully with id : 1
2018-08-08 22:20:01 [main] INFO  c.m.m.controller.RoomController - Retrieving room details for room id:1
2018-08-08 22:20:01 [main] DEBUG c.m.m.controller.RoomController - Room with id 1 doesn't exists
2018-08-08 22:20:01 [main] INFO  c.m.m.controller.RoomController - Adding room...
2018-08-08 22:20:01 [main] DEBUG c.m.m.controller.RoomController - saving room failed...
2018-08-08 22:20:02 [main] INFO  c.m.m.c.SearchHotelController - Started searching the available hotels in the city: Bangalore
2018-08-08 22:20:02 [main] INFO  c.m.m.c.SearchHotelController - Searching completed succesfully...
2018-08-08 22:20:02 [main] INFO  c.m.m.c.SearchHotelController - Started searching the available hotels in the city: null
2018-08-08 22:20:02 [main] INFO  c.m.m.c.SearchHotelController - City name is require, please provide city name to search hotels.
2018-08-08 22:20:02 [main] INFO  c.m.m.c.SearchHotelController - Started searching the available hotels in the city: Bangalore
2018-08-08 22:20:02 [main] INFO  c.m.m.c.SearchHotelController - Searching completed succesfully. No Hotels found for the provided inputs.
2018-08-08 22:20:02 [main] ERROR c.m.m.c.SearchHotelController - Search for hotels failed. Please investigate - search request :SearchRequest [city=Bangalore, fromDate=null, toDate=null, roomType=null, price=null, distance=null, user=null]
2018-08-08 22:20:02 [main] ERROR c.m.m.controller.UserController - User details are not proper, registration is not completed. 
2018-08-08 22:20:02 [main] INFO  c.m.m.dao.BookingRepositoryTest - Starting BookingRepositoryTest on A2C2ML09762 with PID 4068 (started by Administrator in D:\MYSTAYWorkPlace\MyStayApp)
2018-08-08 22:20:02 [main] DEBUG c.m.m.dao.BookingRepositoryTest - Running with Spring Boot v2.0.3.RELEASE, Spring v5.0.7.RELEASE
2018-08-08 22:20:02 [main] INFO  c.m.m.dao.BookingRepositoryTest - No active profile set, falling back to default profiles: default
2018-08-08 22:20:03 [main] INFO  c.m.m.dao.BookingRepositoryTest - Started BookingRepositoryTest in 1.314 seconds (JVM running for 24.44)
2018-08-08 22:20:04 [main] INFO  c.m.m.MyStayAppApplicationTests - Test Class
2018-08-08 22:20:05 [main] INFO  c.m.m.s.impl.BookingServiceImpl - Payment started.......: 1533747005992
2018-08-08 22:20:05 [main] INFO  c.m.m.s.impl.BookingServiceImpl - Payment Started....:PaymentDTO [transactionId=null, userId=Raj, totalAmount=1000.0, vendor=My Stay Company, cardBalance=50000.0]
2018-08-08 22:20:11 [main] INFO  c.m.m.s.impl.BookingServiceImpl - Payment Completed Successfully. PaymentDTO [transactionId=1, userId=Raj, totalAmount=1000.0, vendor=null, cardBalance=49000.0]
2018-08-08 22:20:11 [main] INFO  c.m.m.s.impl.BookingServiceImpl - Payment completed: 1533747011621
2018-08-08 22:20:11 [main] INFO  c.m.m.s.impl.BookingServiceImpl - Payment took time to completed 0mili Seconds
2018-08-08 22:20:11 [main] ERROR c.m.m.s.i.PaymentGatewayServiceImpl - Payment not completed successfully.
2018-08-08 22:20:11 [main] INFO  c.m.m.service.RoomServiceTest - Starting RoomServiceTest on A2C2ML09762 with PID 4068 (started by Administrator in D:\MYSTAYWorkPlace\MyStayApp)
2018-08-08 22:20:11 [main] DEBUG c.m.m.service.RoomServiceTest - Running with Spring Boot v2.0.3.RELEASE, Spring v5.0.7.RELEASE
2018-08-08 22:20:11 [main] INFO  c.m.m.service.RoomServiceTest - No active profile set, falling back to default profiles: default
2018-08-08 22:20:14 [main] INFO  c.m.m.service.RoomServiceTest - Started RoomServiceTest in 2.934 seconds (JVM running for 35.427)
2018-08-08 22:20:14 [main] INFO  c.m.m.s.SearchHotelServiceImplHelperTest - Starting SearchHotelServiceImplHelperTest on A2C2ML09762 with PID 4068 (started by Administrator in D:\MYSTAYWorkPlace\MyStayApp)
2018-08-08 22:20:14 [main] DEBUG c.m.m.s.SearchHotelServiceImplHelperTest - Running with Spring Boot v2.0.3.RELEASE, Spring v5.0.7.RELEASE
2018-08-08 22:20:14 [main] INFO  c.m.m.s.SearchHotelServiceImplHelperTest - No active profile set, falling back to default profiles: default
2018-08-08 22:20:17 [main] INFO  c.m.m.s.SearchHotelServiceImplHelperTest - Started SearchHotelServiceImplHelperTest in 2.919 seconds (JVM running for 38.431)
2018-08-08 22:20:17 [main] INFO  c.m.m.s.impl.SearchHotelServiceImpl - In Service layer started...
2018-08-08 22:20:17 [main] INFO  c.m.m.s.impl.SearchHotelServiceImpl - In Service layer started...
2018-08-08 22:20:17 [main] DEBUG c.m.m.s.impl.SearchHotelServiceImpl - Dates are invalid. check-in date should be greater then current date and less then check-out date.
2018-08-08 22:20:17 [main] INFO  c.m.m.service.UserServiceImplTest - Starting UserServiceImplTest on A2C2ML09762 with PID 4068 (started by Administrator in D:\MYSTAYWorkPlace\MyStayApp)
2018-08-08 22:20:17 [main] DEBUG c.m.m.service.UserServiceImplTest - Running with Spring Boot v2.0.3.RELEASE, Spring v5.0.7.RELEASE
2018-08-08 22:20:17 [main] INFO  c.m.m.service.UserServiceImplTest - No active profile set, falling back to default profiles: default
2018-08-08 22:20:20 [main] INFO  c.m.m.service.UserServiceImplTest - Started UserServiceImplTest in 2.941 seconds (JVM running for 41.507)
2018-08-08 22:23:21 [main] INFO  c.m.m.c.BookingControllerTest - Starting BookingControllerTest on A2C2ML09762 with PID 10844 (started by Administrator in D:\MYSTAYWorkPlace\MyStayApp)
2018-08-08 22:23:21 [main] DEBUG c.m.m.c.BookingControllerTest - Running with Spring Boot v2.0.3.RELEASE, Spring v5.0.7.RELEASE
2018-08-08 22:23:21 [main] INFO  c.m.m.c.BookingControllerTest - No active profile set, falling back to default profiles: default
2018-08-08 22:23:39 [main] INFO  c.m.m.c.BookingControllerTest - Started BookingControllerTest in 18.777 seconds (JVM running for 24.226)
2018-08-08 22:23:40 [main] DEBUG c.m.m.controller.BookingController - Dates are invalid. check-in date should be greater then current date and less then check-out date.
2018-08-08 22:23:40 [main] INFO  c.m.m.controller.BookingController - Room booked with booking Id 1 for the Customer :null
2018-08-08 22:23:40 [main] DEBUG c.m.m.controller.BookingController - Dates are invalid. check-in date should be greater then current date and less then check-out date.
2018-08-08 22:23:40 [main] ERROR c.m.m.controller.BookingController - Inputs are not valid.null
2018-08-08 22:23:41 [main] ERROR c.m.m.c.MockPaymentController - Payment not completed successfully.
2018-08-08 22:23:41 [main] INFO  c.m.m.controller.RoomController - Room id to remove 1
2018-08-08 22:23:41 [main] ERROR c.m.m.controller.RoomController - Room cannot be deleted with id : 1
2018-08-08 22:23:41 [main] INFO  c.m.m.controller.RoomController - Retrieving room details for room id:1
2018-08-08 22:23:41 [main] INFO  c.m.m.controller.RoomController - Room found for room id:1
2018-08-08 22:23:41 [main] INFO  c.m.m.controller.RoomController - Room id to remove 1
2018-08-08 22:23:41 [main] INFO  c.m.m.controller.RoomController - Room deleted succeccfully with id : 1
2018-08-08 22:23:41 [main] INFO  c.m.m.controller.RoomController - updating room...
2018-08-08 22:23:41 [main] DEBUG c.m.m.controller.RoomController - Updating room failed...
2018-08-08 22:23:41 [main] INFO  c.m.m.controller.RoomController - updating room...
2018-08-08 22:23:41 [main] INFO  c.m.m.controller.RoomController - Room updated succeccfully with id : com.mindtree.mystayapp.model.Room@6551fb8b[roomId=1,hotel=<null>,roomType=Luxury,roomPrice=<null>,totalRoomsCount=<null>]
2018-08-08 22:23:41 [main] INFO  c.m.m.controller.RoomController - Adding room...
2018-08-08 22:23:41 [main] INFO  c.m.m.controller.RoomController - Room addedd succeccfully with id : 1
2018-08-08 22:23:41 [main] INFO  c.m.m.controller.RoomController - Retrieving room details for room id:1
2018-08-08 22:23:41 [main] DEBUG c.m.m.controller.RoomController - Room with id 1 doesn't exists
2018-08-08 22:23:41 [main] INFO  c.m.m.controller.RoomController - Adding room...
2018-08-08 22:23:41 [main] DEBUG c.m.m.controller.RoomController - saving room failed...
2018-08-08 22:23:41 [main] INFO  c.m.m.c.SearchHotelController - Started searching the available hotels in the city: Bangalore
2018-08-08 22:23:41 [main] INFO  c.m.m.c.SearchHotelController - Searching completed succesfully...
2018-08-08 22:23:41 [main] INFO  c.m.m.c.SearchHotelController - Started searching the available hotels in the city: null
2018-08-08 22:23:41 [main] INFO  c.m.m.c.SearchHotelController - City name is require, please provide city name to search hotels.
2018-08-08 22:23:41 [main] INFO  c.m.m.c.SearchHotelController - Started searching the available hotels in the city: Bangalore
2018-08-08 22:23:41 [main] INFO  c.m.m.c.SearchHotelController - Searching completed succesfully. No Hotels found for the provided inputs.
2018-08-08 22:23:41 [main] ERROR c.m.m.c.SearchHotelController - Search for hotels failed. Please investigate - search request :SearchRequest [city=Bangalore, fromDate=null, toDate=null, roomType=null, price=null, distance=null, user=null]
2018-08-08 22:23:41 [main] ERROR c.m.m.controller.UserController - User details are not proper, registration is not completed. 
2018-08-08 22:23:41 [main] INFO  c.m.m.dao.BookingRepositoryTest - Starting BookingRepositoryTest on A2C2ML09762 with PID 10844 (started by Administrator in D:\MYSTAYWorkPlace\MyStayApp)
2018-08-08 22:23:41 [main] DEBUG c.m.m.dao.BookingRepositoryTest - Running with Spring Boot v2.0.3.RELEASE, Spring v5.0.7.RELEASE
2018-08-08 22:23:41 [main] INFO  c.m.m.dao.BookingRepositoryTest - No active profile set, falling back to default profiles: default
2018-08-08 22:23:43 [main] INFO  c.m.m.dao.BookingRepositoryTest - Started BookingRepositoryTest in 1.708 seconds (JVM running for 28.259)
2018-08-08 22:23:45 [main] INFO  c.m.m.MyStayAppApplicationTests - Test Class
2018-08-08 22:23:46 [main] INFO  c.m.m.s.impl.BookingServiceImpl - Payment started.......: 1533747226555
2018-08-08 22:23:46 [main] INFO  c.m.m.s.impl.BookingServiceImpl - Payment Started....:PaymentDTO [transactionId=null, userId=Raj, totalAmount=1000.0, vendor=My Stay Company, cardBalance=50000.0]
2018-08-08 22:23:47 [main] INFO  c.m.m.s.impl.BookingServiceImpl - Payment Completed Successfully. PaymentDTO [transactionId=0, userId=Raj, totalAmount=1000.0, vendor=null, cardBalance=49000.0]
2018-08-08 22:23:47 [main] INFO  c.m.m.s.impl.BookingServiceImpl - Payment completed: 1533747227983
2018-08-08 22:23:47 [main] INFO  c.m.m.s.impl.BookingServiceImpl - Payment took time to completed 0mili Seconds
2018-08-08 22:23:48 [main] ERROR c.m.m.s.i.PaymentGatewayServiceImpl - Payment not completed successfully.
2018-08-08 22:23:48 [main] INFO  c.m.m.service.RoomServiceTest - Starting RoomServiceTest on A2C2ML09762 with PID 10844 (started by Administrator in D:\MYSTAYWorkPlace\MyStayApp)
2018-08-08 22:23:48 [main] DEBUG c.m.m.service.RoomServiceTest - Running with Spring Boot v2.0.3.RELEASE, Spring v5.0.7.RELEASE
2018-08-08 22:23:48 [main] INFO  c.m.m.service.RoomServiceTest - No active profile set, falling back to default profiles: default
2018-08-08 22:23:51 [main] INFO  c.m.m.service.RoomServiceTest - Started RoomServiceTest in 3.437 seconds (JVM running for 36.252)
2018-08-08 22:23:51 [main] INFO  c.m.m.s.SearchHotelServiceImplHelperTest - Starting SearchHotelServiceImplHelperTest on A2C2ML09762 with PID 10844 (started by Administrator in D:\MYSTAYWorkPlace\MyStayApp)
2018-08-08 22:23:51 [main] DEBUG c.m.m.s.SearchHotelServiceImplHelperTest - Running with Spring Boot v2.0.3.RELEASE, Spring v5.0.7.RELEASE
2018-08-08 22:23:51 [main] INFO  c.m.m.s.SearchHotelServiceImplHelperTest - No active profile set, falling back to default profiles: default
2018-08-08 22:23:54 [main] INFO  c.m.m.s.SearchHotelServiceImplHelperTest - Started SearchHotelServiceImplHelperTest in 3.075 seconds (JVM running for 39.394)
2018-08-08 22:23:54 [main] INFO  c.m.m.s.impl.SearchHotelServiceImpl - In Service layer started...
2018-08-08 22:23:54 [main] INFO  c.m.m.s.impl.SearchHotelServiceImpl - In Service layer started...
2018-08-08 22:23:54 [main] DEBUG c.m.m.s.impl.SearchHotelServiceImpl - Dates are invalid. check-in date should be greater then current date and less then check-out date.
2018-08-08 22:23:54 [main] INFO  c.m.m.service.UserServiceImplTest - Starting UserServiceImplTest on A2C2ML09762 with PID 10844 (started by Administrator in D:\MYSTAYWorkPlace\MyStayApp)
2018-08-08 22:23:54 [main] DEBUG c.m.m.service.UserServiceImplTest - Running with Spring Boot v2.0.3.RELEASE, Spring v5.0.7.RELEASE
2018-08-08 22:23:54 [main] INFO  c.m.m.service.UserServiceImplTest - No active profile set, falling back to default profiles: default
2018-08-08 22:23:57 [main] INFO  c.m.m.service.UserServiceImplTest - Started UserServiceImplTest in 2.804 seconds (JVM running for 42.319)
2018-08-08 22:35:44 [main] INFO  c.m.m.c.BookingControllerTest - Starting BookingControllerTest on A2C2ML09762 with PID 1416 (started by Administrator in D:\MYSTAYWorkPlace\MyStayApp)
2018-08-08 22:35:44 [main] DEBUG c.m.m.c.BookingControllerTest - Running with Spring Boot v2.0.3.RELEASE, Spring v5.0.7.RELEASE
2018-08-08 22:35:44 [main] INFO  c.m.m.c.BookingControllerTest - No active profile set, falling back to default profiles: default
2018-08-08 22:35:58 [main] INFO  c.m.m.c.BookingControllerTest - Started BookingControllerTest in 14.963 seconds (JVM running for 19.092)
2018-08-08 22:35:59 [main] DEBUG c.m.m.controller.BookingController - Dates are invalid. check-in date should be greater then current date and less then check-out date.
2018-08-08 22:35:59 [main] INFO  c.m.m.controller.BookingController - Room booked with booking Id 1 for the Customer :null
2018-08-08 22:35:59 [main] DEBUG c.m.m.controller.BookingController - Dates are invalid. check-in date should be greater then current date and less then check-out date.
2018-08-08 22:35:59 [main] ERROR c.m.m.controller.BookingController - Inputs are not valid.null
2018-08-08 22:36:00 [main] ERROR c.m.m.c.MockPaymentController - Payment not completed successfully.
2018-08-08 22:36:00 [main] INFO  c.m.m.controller.RoomController - Room id to remove 1
2018-08-08 22:36:00 [main] ERROR c.m.m.controller.RoomController - Room cannot be deleted with id : 1
2018-08-08 22:36:00 [main] INFO  c.m.m.controller.RoomController - Retrieving room details for room id:1
2018-08-08 22:36:00 [main] INFO  c.m.m.controller.RoomController - Room found for room id:1
2018-08-08 22:36:00 [main] INFO  c.m.m.controller.RoomController - Room id to remove 1
2018-08-08 22:36:00 [main] INFO  c.m.m.controller.RoomController - Room deleted succeccfully with id : 1
2018-08-08 22:36:00 [main] INFO  c.m.m.controller.RoomController - updating room...
2018-08-08 22:36:00 [main] DEBUG c.m.m.controller.RoomController - Updating room failed...
2018-08-08 22:36:00 [main] INFO  c.m.m.controller.RoomController - updating room...
2018-08-08 22:36:00 [main] INFO  c.m.m.controller.RoomController - Room updated succeccfully with id : com.mindtree.mystayapp.model.Room@28b9bb64[roomId=1,hotel=<null>,roomType=Luxury,roomPrice=<null>,totalRoomsCount=<null>]
2018-08-08 22:36:00 [main] INFO  c.m.m.controller.RoomController - Adding room...
2018-08-08 22:36:00 [main] INFO  c.m.m.controller.RoomController - Room addedd succeccfully with id : 1
2018-08-08 22:36:00 [main] INFO  c.m.m.controller.RoomController - Retrieving room details for room id:1
2018-08-08 22:36:00 [main] DEBUG c.m.m.controller.RoomController - Room with id 1 doesn't exists
2018-08-08 22:36:00 [main] INFO  c.m.m.controller.RoomController - Adding room...
2018-08-08 22:36:00 [main] DEBUG c.m.m.controller.RoomController - saving room failed...
2018-08-08 22:36:00 [main] INFO  c.m.m.c.SearchHotelController - Started searching the available hotels in the city: Bangalore
2018-08-08 22:36:00 [main] INFO  c.m.m.c.SearchHotelController - Searching completed succesfully...
2018-08-08 22:36:00 [main] INFO  c.m.m.c.SearchHotelController - Started searching the available hotels in the city: null
2018-08-08 22:36:00 [main] INFO  c.m.m.c.SearchHotelController - City name is require, please provide city name to search hotels.
2018-08-08 22:36:00 [main] INFO  c.m.m.c.SearchHotelController - Started searching the available hotels in the city: Bangalore
2018-08-08 22:36:00 [main] INFO  c.m.m.c.SearchHotelController - Searching completed succesfully. No Hotels found for the provided inputs.
2018-08-08 22:36:00 [main] ERROR c.m.m.c.SearchHotelController - Search for hotels failed. Please investigate - search request :SearchRequest [city=Bangalore, fromDate=null, toDate=null, roomType=null, price=null, distance=null, user=null]
2018-08-08 22:36:00 [main] ERROR c.m.m.controller.UserController - User details are not proper, registration is not completed. 
2018-08-08 22:36:00 [main] INFO  c.m.m.dao.BookingRepositoryTest - Starting BookingRepositoryTest on A2C2ML09762 with PID 1416 (started by Administrator in D:\MYSTAYWorkPlace\MyStayApp)
2018-08-08 22:36:00 [main] DEBUG c.m.m.dao.BookingRepositoryTest - Running with Spring Boot v2.0.3.RELEASE, Spring v5.0.7.RELEASE
2018-08-08 22:36:00 [main] INFO  c.m.m.dao.BookingRepositoryTest - No active profile set, falling back to default profiles: default
2018-08-08 22:36:02 [main] INFO  c.m.m.dao.BookingRepositoryTest - Started BookingRepositoryTest in 1.441 seconds (JVM running for 22.867)
2018-08-08 22:36:03 [main] INFO  c.m.m.MyStayAppApplicationTests - Test Class
2018-08-08 22:36:04 [main] INFO  c.m.m.s.impl.BookingServiceImpl - Payment started.......: 1533747964829
2018-08-08 22:36:04 [main] INFO  c.m.m.s.impl.BookingServiceImpl - Payment Started....:PaymentDTO [transactionId=null, userId=Raj, totalAmount=1000.0, vendor=My Stay Company, cardBalance=50000.0]
2018-08-08 22:36:06 [main] INFO  c.m.m.s.impl.BookingServiceImpl - Payment Completed Successfully. PaymentDTO [transactionId=1, userId=Raj, totalAmount=1000.0, vendor=null, cardBalance=49000.0]
2018-08-08 22:36:06 [main] INFO  c.m.m.s.impl.BookingServiceImpl - Payment completed: 1533747966905
2018-08-08 22:36:06 [main] INFO  c.m.m.s.impl.BookingServiceImpl - Payment took time to completed 0mili Seconds
2018-08-08 22:36:06 [main] ERROR c.m.m.s.i.PaymentGatewayServiceImpl - Payment not completed successfully.
2018-08-08 22:36:07 [main] INFO  c.m.m.service.RoomServiceTest - Starting RoomServiceTest on A2C2ML09762 with PID 1416 (started by Administrator in D:\MYSTAYWorkPlace\MyStayApp)
2018-08-08 22:36:07 [main] DEBUG c.m.m.service.RoomServiceTest - Running with Spring Boot v2.0.3.RELEASE, Spring v5.0.7.RELEASE
2018-08-08 22:36:07 [main] INFO  c.m.m.service.RoomServiceTest - No active profile set, falling back to default profiles: default
2018-08-08 22:36:10 [main] INFO  c.m.m.service.RoomServiceTest - Started RoomServiceTest in 3.379 seconds (JVM running for 30.985)
2018-08-08 22:36:10 [main] INFO  c.m.m.s.SearchHotelServiceImplHelperTest - Starting SearchHotelServiceImplHelperTest on A2C2ML09762 with PID 1416 (started by Administrator in D:\MYSTAYWorkPlace\MyStayApp)
2018-08-08 22:36:10 [main] DEBUG c.m.m.s.SearchHotelServiceImplHelperTest - Running with Spring Boot v2.0.3.RELEASE, Spring v5.0.7.RELEASE
2018-08-08 22:36:10 [main] INFO  c.m.m.s.SearchHotelServiceImplHelperTest - No active profile set, falling back to default profiles: default
2018-08-08 22:36:13 [main] INFO  c.m.m.s.SearchHotelServiceImplHelperTest - Started SearchHotelServiceImplHelperTest in 2.964 seconds (JVM running for 34.02)
2018-08-08 22:36:13 [main] INFO  c.m.m.s.impl.SearchHotelServiceImpl - In Service layer started...
2018-08-08 22:36:13 [main] INFO  c.m.m.s.impl.SearchHotelServiceImpl - In Service layer started...
2018-08-08 22:36:13 [main] DEBUG c.m.m.s.impl.SearchHotelServiceImpl - Dates are invalid. check-in date should be greater then current date and less then check-out date.
2018-08-08 22:36:13 [main] INFO  c.m.m.service.UserServiceImplTest - Starting UserServiceImplTest on A2C2ML09762 with PID 1416 (started by Administrator in D:\MYSTAYWorkPlace\MyStayApp)
2018-08-08 22:36:13 [main] DEBUG c.m.m.service.UserServiceImplTest - Running with Spring Boot v2.0.3.RELEASE, Spring v5.0.7.RELEASE
2018-08-08 22:36:13 [main] INFO  c.m.m.service.UserServiceImplTest - No active profile set, falling back to default profiles: default
2018-08-08 22:36:16 [main] INFO  c.m.m.service.UserServiceImplTest - Started UserServiceImplTest in 2.681 seconds (JVM running for 36.859)
2018-08-08 23:00:54 [main] INFO  c.m.m.service.BookingServiceTest - Starting BookingServiceTest on A2C2ML09762 with PID 10340 (started by Administrator in D:\MYSTAYWorkPlace\MyStayApp)
2018-08-08 23:00:54 [main] DEBUG c.m.m.service.BookingServiceTest - Running with Spring Boot v2.0.3.RELEASE, Spring v5.0.7.RELEASE
2018-08-08 23:00:54 [main] INFO  c.m.m.service.BookingServiceTest - No active profile set, falling back to default profiles: default
2018-08-08 23:01:12 [main] INFO  c.m.m.service.BookingServiceTest - Started BookingServiceTest in 19.955 seconds (JVM running for 24.698)
2018-08-08 23:01:15 [main] INFO  c.m.m.s.impl.BookingServiceImpl - Payment started.......: 1533749475433
2018-08-08 23:01:15 [main] INFO  c.m.m.s.impl.BookingServiceImpl - Payment Started....:PaymentDTO [transactionId=null, userId=Raj, totalAmount=1000.0, vendor=My Stay Company, cardBalance=50000.0]
2018-08-08 23:01:16 [main] INFO  c.m.m.s.impl.BookingServiceImpl - Payment Completed Successfully. PaymentDTO [transactionId=1, userId=Raj, totalAmount=1000.0, vendor=null, cardBalance=49000.0]
2018-08-08 23:01:16 [main] INFO  c.m.m.s.impl.BookingServiceImpl - Payment completed: 1533749476644
2018-08-08 23:01:16 [main] INFO  c.m.m.s.impl.BookingServiceImpl - Payment took time to completed 0mili Seconds
2018-08-08 23:08:13 [main] INFO  c.m.m.service.BookingServiceTest - Starting BookingServiceTest on A2C2ML09762 with PID 13000 (started by Administrator in D:\MYSTAYWorkPlace\MyStayApp)
2018-08-08 23:08:13 [main] DEBUG c.m.m.service.BookingServiceTest - Running with Spring Boot v2.0.3.RELEASE, Spring v5.0.7.RELEASE
2018-08-08 23:08:13 [main] INFO  c.m.m.service.BookingServiceTest - No active profile set, falling back to default profiles: default
2018-08-08 23:08:22 [main] INFO  c.m.m.service.BookingServiceTest - Started BookingServiceTest in 9.708 seconds (JVM running for 11.661)
2018-08-08 23:08:37 [main] INFO  c.m.m.service.BookingServiceTest - Starting BookingServiceTest on A2C2ML09762 with PID 12228 (started by Administrator in D:\MYSTAYWorkPlace\MyStayApp)
2018-08-08 23:08:37 [main] DEBUG c.m.m.service.BookingServiceTest - Running with Spring Boot v2.0.3.RELEASE, Spring v5.0.7.RELEASE
2018-08-08 23:08:37 [main] INFO  c.m.m.service.BookingServiceTest - No active profile set, falling back to default profiles: default
2018-08-08 23:08:50 [main] INFO  c.m.m.service.BookingServiceTest - Started BookingServiceTest in 14.04 seconds (JVM running for 17.772)
2018-08-08 23:09:36 [main] INFO  c.m.m.service.BookingServiceTest - Starting BookingServiceTest on A2C2ML09762 with PID 9292 (started by Administrator in D:\MYSTAYWorkPlace\MyStayApp)
2018-08-08 23:09:36 [main] DEBUG c.m.m.service.BookingServiceTest - Running with Spring Boot v2.0.3.RELEASE, Spring v5.0.7.RELEASE
2018-08-08 23:09:36 [main] INFO  c.m.m.service.BookingServiceTest - No active profile set, falling back to default profiles: default
2018-08-08 23:09:50 [main] INFO  c.m.m.service.BookingServiceTest - Started BookingServiceTest in 14.538 seconds (JVM running for 18.44)
2018-08-08 23:11:32 [main] INFO  c.m.m.service.BookingServiceTest - Starting BookingServiceTest on A2C2ML09762 with PID 13192 (started by Administrator in D:\MYSTAYWorkPlace\MyStayApp)
2018-08-08 23:11:32 [main] DEBUG c.m.m.service.BookingServiceTest - Running with Spring Boot v2.0.3.RELEASE, Spring v5.0.7.RELEASE
2018-08-08 23:11:32 [main] INFO  c.m.m.service.BookingServiceTest - No active profile set, falling back to default profiles: default
2018-08-08 23:11:45 [main] INFO  c.m.m.service.BookingServiceTest - Started BookingServiceTest in 13.603 seconds (JVM running for 16.412)
2018-08-08 23:12:05 [main] INFO  c.m.m.s.impl.BookingServiceImpl - Payment started.......: 1533750125487
2018-08-08 23:12:05 [main] INFO  c.m.m.s.impl.BookingServiceImpl - Payment Started....:PaymentDTO [transactionId=null, userId=Raj, totalAmount=1000.0, vendor=My Stay Company, cardBalance=50000.0]
2018-08-08 23:12:06 [main] INFO  c.m.m.s.impl.BookingServiceImpl - Payment Completed Successfully. PaymentDTO [transactionId=1, userId=Raj, totalAmount=1000.0, vendor=null, cardBalance=49000.0]
2018-08-08 23:12:06 [main] INFO  c.m.m.s.impl.BookingServiceImpl - Payment completed: 1533750126999
2018-08-08 23:12:07 [main] INFO  c.m.m.s.impl.BookingServiceImpl - Payment took time to completed 0mili Seconds
2018-08-08 23:13:09 [main] INFO  c.m.m.service.BookingServiceTest - Starting BookingServiceTest on A2C2ML09762 with PID 12088 (started by Administrator in D:\MYSTAYWorkPlace\MyStayApp)
2018-08-08 23:13:09 [main] DEBUG c.m.m.service.BookingServiceTest - Running with Spring Boot v2.0.3.RELEASE, Spring v5.0.7.RELEASE
2018-08-08 23:13:09 [main] INFO  c.m.m.service.BookingServiceTest - No active profile set, falling back to default profiles: default
2018-08-08 23:13:23 [main] INFO  c.m.m.service.BookingServiceTest - Started BookingServiceTest in 14.705 seconds (JVM running for 17.245)
